TN:
SF:profiles/_types.ts
FNF:5
FNH:5
DA:236,96
DA:237,38
DA:238,61
DA:240,2
DA:242,103
DA:243,35
DA:244,149
DA:246,2
DA:248,104
DA:249,117
DA:250,152
DA:252,2
DA:254,106
DA:255,97
DA:256,150
DA:258,2
DA:260,122
DA:261,97
DA:262,12
DA:263,42
DA:264,108
DA:265,12
DA:267,1
LF:23
LH:23
end_of_record
TN:
SF:src/commands/launch.ts
FNF:89
FNH:67
DA:17,44
DA:18,44
DA:19,64
DA:20,66
DA:21,34
DA:22,48
DA:23,62
DA:24,41
DA:25,50
DA:26,63
DA:27,148
DA:37,110
DA:38,59
DA:39,79
DA:41,65
DA:42,90
DA:43,58
DA:44,58
DA:45,151
DA:46,100
DA:47,48
DA:48,53
DA:49,78
DA:52,112
DA:53,120
DA:59,64
DA:61,142
DA:115,0
DA:119,0
DA:120,0
DA:121,0
DA:122,0
DA:123,0
DA:124,0
DA:125,0
DA:126,0
DA:127,0
DA:128,0
DA:129,0
DA:130,0
DA:131,0
DA:132,0
DA:133,0
DA:134,0
DA:135,0
DA:136,0
DA:137,0
DA:138,0
DA:139,0
DA:140,0
DA:141,0
DA:142,0
DA:143,0
DA:144,0
DA:145,0
DA:146,0
DA:147,0
DA:148,0
DA:149,0
DA:150,0
DA:151,0
DA:152,0
DA:153,0
DA:154,0
DA:155,0
DA:156,0
DA:157,0
DA:158,0
DA:159,0
DA:160,0
DA:161,0
DA:162,0
DA:163,0
DA:164,0
DA:165,0
DA:166,0
DA:167,0
DA:168,0
DA:169,0
DA:170,0
DA:171,0
DA:172,0
DA:173,0
DA:174,0
DA:175,0
DA:176,0
DA:177,0
DA:178,0
DA:179,0
DA:180,0
DA:181,0
DA:182,0
DA:183,0
DA:184,0
DA:185,0
DA:186,1
DA:190,72
DA:196,0
DA:197,0
DA:198,0
DA:199,0
DA:200,0
DA:201,0
DA:202,0
DA:203,0
DA:204,0
DA:205,0
DA:206,0
DA:207,0
DA:208,0
DA:209,0
DA:210,0
DA:211,0
DA:212,0
DA:213,0
DA:214,0
DA:215,0
DA:216,0
DA:217,0
DA:218,0
DA:219,0
DA:220,0
DA:221,0
DA:222,0
DA:223,0
DA:224,0
DA:225,0
DA:226,0
DA:227,0
DA:228,0
DA:229,0
DA:230,0
DA:231,0
DA:240,0
DA:241,0
DA:242,0
DA:243,0
DA:244,0
DA:245,1
DA:254,0
DA:255,0
DA:256,0
DA:257,0
DA:258,0
DA:262,0
DA:263,0
DA:264,0
DA:265,0
DA:266,0
DA:267,0
DA:268,0
DA:269,0
DA:270,1
DA:313,6
DA:314,10
DA:315,13
DA:316,7
DA:317,3
DA:318,84
DA:319,43
DA:320,27
DA:321,41
DA:322,26
DA:323,39
DA:325,67
DA:326,83
DA:329,61
DA:333,24
DA:345,27
DA:346,69
DA:349,0
DA:350,0
DA:351,0
DA:352,0
DA:353,0
DA:354,0
DA:355,0
DA:356,0
DA:357,0
DA:358,0
DA:359,0
DA:360,0
DA:361,0
DA:362,0
DA:363,0
DA:364,0
DA:365,0
DA:366,0
DA:367,0
DA:368,0
DA:369,0
DA:370,0
DA:371,0
DA:372,0
DA:373,0
DA:374,0
DA:375,0
DA:376,0
DA:377,0
DA:378,0
DA:379,0
DA:380,0
DA:381,0
DA:382,0
DA:383,0
DA:384,0
DA:385,0
DA:386,0
DA:387,0
DA:388,0
DA:389,0
DA:390,0
DA:391,0
DA:392,0
DA:393,0
DA:394,0
DA:395,0
DA:396,0
DA:397,0
DA:398,0
DA:399,0
DA:400,0
DA:401,0
DA:402,0
DA:403,0
DA:404,0
DA:405,0
DA:406,0
DA:407,0
DA:408,0
DA:409,0
DA:410,0
DA:411,0
DA:412,0
DA:413,0
DA:414,0
DA:415,0
DA:416,0
DA:417,0
DA:418,0
DA:419,0
DA:420,0
DA:421,0
DA:422,0
DA:423,0
DA:424,0
DA:425,0
DA:426,0
DA:427,0
DA:428,0
DA:429,0
DA:430,0
DA:431,0
DA:432,0
DA:433,0
DA:434,0
DA:435,0
DA:436,0
DA:437,0
DA:438,1
DA:454,45
DA:466,24
DA:467,24
DA:468,28
DA:469,23
DA:471,6
DA:472,9
DA:473,7
DA:474,3
DA:475,23
DA:476,51
DA:477,41
DA:478,19
DA:480,49
DA:481,45
DA:482,44
DA:483,25
DA:484,81
DA:485,87
DA:486,37
DA:487,22
DA:488,90
DA:489,8
DA:492,14
DA:493,29
DA:494,84
DA:495,22
DA:496,51
DA:497,4
DA:498,21
DA:499,27
DA:500,74
DA:501,57
DA:502,2
DA:503,2
DA:504,33
DA:505,77
DA:506,2
DA:507,36
DA:508,85
DA:509,2
DA:510,57
DA:511,76
DA:512,90
DA:513,2
DA:514,53
DA:515,63
DA:516,2
DA:517,13
DA:525,28
DA:526,40
DA:527,25
DA:528,31
DA:529,32
DA:530,51
DA:531,46
DA:532,2
DA:533,65
DA:534,78
DA:535,29
DA:536,46
DA:537,2
DA:538,11
DA:543,27
DA:544,18
DA:545,50
DA:546,51
DA:547,2
DA:548,33
DA:549,26
DA:552,32
DA:553,52
DA:554,71
DA:558,6
DA:559,73
DA:560,44
DA:561,12
DA:562,21
DA:563,23
DA:564,19
DA:565,17
DA:566,2
DA:585,96
DA:593,0
DA:594,0
DA:595,0
DA:596,0
DA:597,0
DA:598,0
DA:599,0
DA:600,0
DA:601,0
DA:602,0
DA:603,0
DA:604,0
DA:605,0
DA:606,0
DA:607,0
DA:608,0
DA:609,0
DA:610,0
DA:611,0
DA:612,0
DA:613,0
DA:614,0
DA:615,0
DA:616,0
DA:617,0
DA:618,0
DA:619,0
DA:620,0
DA:621,0
DA:622,0
DA:623,0
DA:624,0
DA:625,0
DA:626,0
DA:627,0
DA:628,0
DA:629,0
DA:630,0
DA:631,0
DA:632,0
DA:633,0
DA:634,0
DA:635,0
DA:636,0
DA:637,0
DA:638,0
DA:639,0
DA:640,0
DA:641,0
DA:642,0
DA:643,0
DA:644,0
DA:645,0
DA:646,0
DA:647,0
DA:648,0
DA:649,0
DA:650,0
DA:651,0
DA:652,0
DA:653,0
DA:654,1
DA:665,32
DA:666,25
DA:679,15
DA:680,23
DA:681,53
DA:682,64
DA:683,78
DA:684,76
DA:685,10
DA:686,98
DA:687,4
DA:688,2
DA:689,40
DA:690,70
DA:691,41
DA:692,2
DA:693,12
DA:711,19
DA:712,40
DA:713,23
DA:714,28
DA:715,12
DA:716,101
DA:717,2
DA:729,6
DA:730,6
DA:731,15
DA:732,7
DA:733,3
DA:734,36
DA:736,38
DA:737,29
DA:738,48
DA:739,39
DA:740,40
DA:741,40
DA:742,37
DA:743,37
DA:744,2
DA:751,32
DA:752,23
DA:753,39
DA:754,37
DA:755,28
DA:756,23
DA:757,36
DA:758,40
DA:759,38
DA:760,39
DA:761,49
DA:791,33
DA:798,44
DA:806,49
DA:814,0
DA:815,0
DA:816,0
DA:817,0
DA:818,0
DA:819,0
DA:820,0
DA:821,0
DA:822,0
DA:823,0
DA:824,0
DA:825,0
DA:826,1
DA:840,25
DA:841,5
DA:842,21
DA:843,51
DA:844,72
DA:845,4
DA:846,5
DA:848,18
DA:849,48
DA:850,44
DA:851,4
DA:852,5
DA:853,15
DA:854,57
DA:855,13
DA:856,63
DA:857,79
DA:858,4
DA:859,5
DA:860,20
DA:861,59
DA:862,13
DA:863,68
DA:864,79
DA:865,4
DA:866,5
DA:867,21
DA:868,60
DA:869,13
DA:870,61
DA:871,40
DA:872,4
DA:873,5
DA:874,18
DA:875,48
DA:876,38
DA:877,4
DA:878,5
DA:879,17
DA:880,57
DA:881,50
DA:882,4
DA:883,5
DA:884,16
DA:885,56
DA:886,13
DA:887,56
DA:888,70
DA:889,4
DA:890,5
DA:891,16
DA:892,46
DA:893,42
DA:894,4
DA:895,5
DA:896,18
DA:897,48
DA:899,32
DA:900,4
DA:901,5
DA:902,20
DA:903,59
DA:904,53
DA:905,2
DA:906,2
DA:909,58
DA:921,26
DA:922,11
DA:923,67
DA:924,2
DA:925,1
DA:937,30
DA:943,48
DA:944,37
DA:945,68
DA:946,33
DA:951,33
DA:956,20
DA:957,71
DA:958,14
DA:959,12
DA:960,22
DA:961,10
DA:962,25
DA:963,2
DA:966,6
DA:967,12
DA:968,16
DA:969,8
DA:970,17
DA:971,18
DA:972,16
DA:973,15
DA:974,3
DA:975,20
DA:982,38
DA:983,54
DA:984,26
DA:985,72
DA:986,35
DA:987,69
DA:989,40
DA:990,19
DA:991,42
DA:992,79
DA:993,15
DA:994,17
DA:995,7
DA:996,43
DA:997,49
DA:998,55
DA:999,53
DA:1000,36
DA:1001,2
DA:1002,2
DA:1004,43
DA:1011,29
DA:1012,24
DA:1013,39
DA:1016,42
DA:1017,65
DA:1018,22
DA:1021,70
DA:1022,35
DA:1024,55
DA:1026,29
DA:1027,19
DA:1028,39
DA:1029,50
DA:1030,15
DA:1031,17
DA:1032,7
DA:1033,32
DA:1034,49
DA:1035,86
DA:1036,36
DA:1037,2
DA:1038,2
DA:1044,34
DA:1045,64
DA:1048,54
DA:1049,31
DA:1050,66
DA:1052,37
DA:1053,19
DA:1054,41
DA:1055,59
DA:1056,15
DA:1057,17
DA:1058,7
DA:1059,35
DA:1060,2
DA:1062,34
DA:1063,88
DA:1064,4
DA:1065,25
DA:1066,19
DA:1067,36
DA:1068,56
DA:1069,15
DA:1070,17
DA:1071,7
DA:1076,47
DA:1077,25
DA:1078,28
DA:1079,66
DA:1080,45
DA:1081,36
DA:1082,4
DA:1083,30
DA:1084,47
DA:1085,33
DA:1086,42
DA:1087,21
DA:1088,49
DA:1089,29
DA:1090,17
DA:1091,19
DA:1092,9
DA:1093,26
DA:1094,4
DA:1095,2
DA:1097,14
DA:1108,6
DA:1109,29
DA:1110,0
DA:1111,0
DA:1112,2
DA:1114,3
DA:1115,54
DA:1116,18
DA:1117,9
DA:1118,31
DA:1119,13
DA:1120,15
DA:1121,19
DA:1122,39
DA:1123,45
DA:1124,58
DA:1126,33
DA:1127,25
DA:1128,28
DA:1129,62
DA:1130,2
DA:1131,22
DA:1148,0
DA:1149,0
DA:1150,0
DA:1151,0
DA:1152,0
DA:1153,0
DA:1154,0
DA:1155,0
DA:1156,0
DA:1157,0
DA:1158,0
DA:1159,0
DA:1160,0
DA:1161,0
DA:1162,0
DA:1163,0
DA:1164,0
DA:1165,0
DA:1166,0
DA:1167,0
DA:1168,0
DA:1169,0
DA:1170,0
DA:1171,0
DA:1172,0
DA:1173,0
DA:1174,0
DA:1175,0
DA:1176,0
DA:1177,0
DA:1178,0
DA:1179,0
DA:1180,0
DA:1181,0
DA:1182,0
DA:1183,0
DA:1184,0
DA:1185,0
DA:1186,0
DA:1187,0
DA:1188,0
DA:1189,0
DA:1190,0
DA:1191,0
DA:1192,0
DA:1193,0
DA:1194,0
DA:1195,0
DA:1196,0
DA:1197,0
DA:1198,0
DA:1199,0
DA:1200,0
DA:1201,0
DA:1202,0
DA:1203,0
DA:1204,0
DA:1205,0
DA:1206,0
DA:1207,0
DA:1208,0
DA:1209,0
DA:1210,0
DA:1211,0
DA:1212,0
DA:1213,0
DA:1214,0
DA:1215,0
DA:1216,0
DA:1217,0
DA:1218,0
DA:1219,0
DA:1220,0
DA:1221,0
DA:1222,0
DA:1223,0
DA:1224,0
DA:1225,0
DA:1226,0
DA:1227,0
DA:1228,0
DA:1229,0
DA:1230,0
DA:1231,0
DA:1232,0
DA:1233,0
DA:1234,0
DA:1235,0
DA:1236,0
DA:1237,0
DA:1238,0
DA:1239,0
DA:1240,0
DA:1241,0
DA:1242,0
DA:1243,0
DA:1244,0
DA:1245,0
DA:1246,0
DA:1247,0
DA:1248,0
DA:1249,0
DA:1250,0
DA:1251,0
DA:1252,0
DA:1253,0
DA:1254,0
DA:1255,0
DA:1256,0
DA:1257,0
DA:1258,0
DA:1259,0
DA:1260,0
DA:1261,0
DA:1262,0
DA:1263,0
DA:1264,0
DA:1265,0
DA:1266,0
DA:1267,0
DA:1268,0
DA:1269,0
DA:1270,0
DA:1271,0
DA:1272,0
DA:1273,0
DA:1274,0
DA:1275,0
DA:1276,0
DA:1277,0
DA:1278,0
DA:1279,0
DA:1280,0
DA:1281,0
DA:1282,0
DA:1283,0
DA:1284,0
DA:1285,0
DA:1289,0
DA:1290,0
DA:1291,0
DA:1292,0
DA:1293,0
DA:1294,0
DA:1295,0
DA:1296,0
DA:1297,0
DA:1298,0
DA:1299,0
DA:1300,0
DA:1301,0
DA:1302,0
DA:1303,0
DA:1304,0
DA:1305,0
DA:1306,0
DA:1307,0
DA:1308,0
DA:1309,0
DA:1310,0
DA:1311,0
DA:1312,0
DA:1313,0
DA:1314,0
DA:1315,0
DA:1316,0
DA:1317,0
DA:1318,0
DA:1319,0
DA:1320,0
DA:1321,0
DA:1322,0
DA:1326,0
DA:1327,0
DA:1328,0
DA:1329,0
DA:1330,0
DA:1331,0
DA:1332,0
DA:1333,0
DA:1334,0
DA:1335,0
DA:1336,0
DA:1337,0
DA:1338,0
DA:1339,0
DA:1340,0
DA:1341,0
DA:1342,0
DA:1343,0
DA:1344,0
DA:1345,0
DA:1349,0
DA:1350,0
DA:1351,0
DA:1352,0
DA:1353,0
DA:1354,0
DA:1355,0
DA:1356,0
DA:1357,0
DA:1358,0
DA:1359,0
DA:1360,0
DA:1361,0
DA:1362,0
DA:1363,0
DA:1364,0
DA:1365,0
DA:1366,0
DA:1367,0
DA:1368,1
DA:1392,12
DA:1397,3
DA:1398,67
DA:1399,54
DA:1400,49
DA:1401,41
DA:1406,15
DA:1407,25
DA:1408,26
DA:1413,39
DA:1416,0
DA:1417,0
DA:1418,0
DA:1419,0
DA:1420,0
DA:1421,0
DA:1422,0
DA:1423,0
DA:1444,0
DA:1445,0
DA:1446,0
DA:1447,0
DA:1448,0
DA:1449,0
DA:1450,0
DA:1462,0
DA:1463,0
DA:1488,0
DA:1489,1
DA:1500,46
DA:1520,0
DA:1521,0
DA:1522,0
DA:1523,0
DA:1524,0
DA:1525,0
DA:1526,0
DA:1527,0
DA:1528,0
DA:1529,0
DA:1530,0
DA:1531,0
DA:1532,0
DA:1533,0
DA:1534,0
DA:1535,0
DA:1536,0
DA:1537,0
DA:1538,0
DA:1539,0
DA:1540,0
DA:1541,0
DA:1542,0
DA:1543,0
DA:1544,0
DA:1545,0
DA:1546,0
DA:1547,0
DA:1548,0
DA:1549,0
DA:1563,0
DA:1564,0
DA:1565,0
DA:1566,0
DA:1567,0
DA:1568,0
DA:1569,0
DA:1570,0
DA:1571,0
DA:1572,0
DA:1573,0
DA:1574,1
DA:1589,0
DA:1590,0
DA:1591,0
DA:1592,0
DA:1593,0
DA:1594,0
DA:1595,0
DA:1596,0
DA:1597,0
DA:1598,0
DA:1599,0
DA:1600,0
DA:1601,0
DA:1602,0
DA:1603,0
DA:1604,0
DA:1605,0
DA:1606,0
DA:1607,1
DA:1614,0
DA:1615,0
DA:1616,0
DA:1617,0
DA:1618,0
DA:1619,0
DA:1620,0
DA:1621,0
DA:1622,0
DA:1623,0
DA:1624,0
DA:1625,0
DA:1626,0
DA:1627,0
DA:1628,0
DA:1629,0
DA:1630,0
DA:1631,0
DA:1632,0
DA:1633,0
DA:1634,0
DA:1635,0
DA:1636,0
DA:1637,0
DA:1638,0
DA:1639,0
DA:1640,0
DA:1641,0
DA:1642,0
DA:1643,0
DA:1644,0
DA:1645,0
DA:1646,0
DA:1647,0
DA:1648,0
DA:1649,0
DA:1650,0
DA:1651,0
DA:1652,0
DA:1653,0
DA:1654,0
DA:1655,0
DA:1656,0
DA:1657,0
DA:1658,0
DA:1659,0
DA:1660,0
DA:1661,0
DA:1662,0
DA:1663,0
DA:1664,0
DA:1665,0
DA:1666,0
DA:1667,0
DA:1668,0
DA:1669,0
DA:1670,0
DA:1671,0
DA:1672,0
DA:1673,0
DA:1674,0
DA:1675,0
DA:1676,0
DA:1677,0
DA:1678,0
DA:1679,0
DA:1680,0
DA:1681,0
DA:1682,0
DA:1683,0
DA:1684,0
DA:1685,0
DA:1686,0
DA:1687,0
DA:1688,0
DA:1689,0
DA:1690,0
DA:1691,0
DA:1692,0
DA:1693,0
DA:1694,0
DA:1695,0
DA:1696,0
DA:1697,0
DA:1698,0
DA:1699,0
DA:1700,0
DA:1701,0
DA:1702,0
DA:1703,0
DA:1704,0
DA:1705,0
DA:1706,0
DA:1707,0
DA:1708,0
DA:1709,0
DA:1710,0
DA:1711,0
DA:1712,0
DA:1713,0
DA:1714,0
DA:1715,0
DA:1716,0
DA:1717,0
DA:1718,0
DA:1719,0
DA:1720,0
DA:1721,0
DA:1722,0
DA:1723,0
DA:1724,0
DA:1725,0
DA:1726,0
DA:1727,0
DA:1728,0
DA:1729,0
DA:1730,0
DA:1731,0
DA:1732,0
DA:1733,0
DA:1734,0
DA:1735,0
DA:1736,0
DA:1737,0
DA:1738,0
DA:1739,0
DA:1740,0
DA:1741,0
DA:1742,0
DA:1743,0
DA:1744,0
DA:1745,0
DA:1746,0
DA:1747,0
DA:1748,0
DA:1749,0
DA:1750,0
DA:1751,0
DA:1752,0
DA:1753,0
DA:1754,0
DA:1755,0
DA:1756,0
DA:1757,0
DA:1758,0
DA:1759,0
DA:1760,0
DA:1761,0
DA:1762,0
DA:1763,0
DA:1764,0
DA:1765,0
DA:1766,0
DA:1767,0
DA:1768,0
DA:1769,0
DA:1770,0
DA:1771,0
DA:1772,0
DA:1773,0
DA:1774,0
DA:1775,0
DA:1776,0
DA:1777,0
DA:1778,0
DA:1779,0
DA:1780,0
DA:1781,0
DA:1782,0
DA:1783,0
DA:1784,0
DA:1785,0
DA:1786,0
DA:1787,0
DA:1788,0
DA:1789,0
DA:1790,0
DA:1791,0
DA:1792,0
DA:1793,0
DA:1794,0
DA:1795,0
DA:1796,0
DA:1797,0
DA:1798,0
DA:1799,0
DA:1800,0
DA:1801,0
DA:1802,0
DA:1803,0
DA:1804,0
DA:1805,0
DA:1806,0
DA:1807,0
DA:1808,0
DA:1809,0
DA:1810,0
DA:1811,0
DA:1812,0
DA:1813,0
DA:1814,0
DA:1815,0
DA:1816,0
DA:1817,0
DA:1818,0
DA:1819,0
DA:1820,0
DA:1821,0
DA:1822,0
DA:1823,0
DA:1824,0
DA:1825,0
DA:1826,0
DA:1827,0
DA:1828,0
DA:1829,0
DA:1830,0
DA:1831,0
DA:1832,0
DA:1833,0
DA:1834,0
DA:1835,0
DA:1836,0
DA:1837,0
DA:1838,0
DA:1839,0
DA:1840,0
DA:1841,0
DA:1842,0
DA:1843,0
DA:1844,0
DA:1845,0
DA:1846,0
DA:1847,0
DA:1848,0
DA:1849,0
DA:1850,0
DA:1851,0
DA:1852,0
DA:1853,0
DA:1854,0
DA:1855,0
DA:1856,0
DA:1857,0
DA:1858,0
DA:1859,0
DA:1860,0
DA:1861,0
DA:1862,0
DA:1863,0
DA:1864,0
DA:1865,0
DA:1866,0
DA:1867,0
DA:1868,0
DA:1869,0
DA:1870,0
DA:1871,0
DA:1872,0
DA:1873,0
DA:1874,0
DA:1875,0
DA:1876,0
DA:1877,0
DA:1878,0
DA:1879,0
DA:1880,0
DA:1881,0
DA:1882,0
DA:1883,0
DA:1884,0
DA:1885,0
DA:1886,0
DA:1887,0
DA:1888,0
DA:1889,0
DA:1890,0
DA:1891,0
DA:1892,0
DA:1893,0
DA:1894,0
DA:1895,0
DA:1896,0
DA:1897,0
DA:1898,0
DA:1899,0
DA:1900,0
DA:1901,0
DA:1902,0
DA:1903,0
DA:1904,0
DA:1905,0
DA:1906,0
DA:1907,0
DA:1908,0
DA:1909,0
DA:1910,0
DA:1911,0
DA:1912,0
DA:1913,0
DA:1914,0
DA:1915,0
DA:1916,0
DA:1917,0
DA:1918,0
DA:1919,0
DA:1920,0
DA:1921,0
DA:1922,0
DA:1923,0
DA:1924,0
DA:1925,0
DA:1926,0
DA:1927,0
DA:1928,0
DA:1929,0
DA:1930,0
DA:1931,0
DA:1932,0
DA:1933,0
DA:1934,0
DA:1935,0
DA:1936,0
DA:1937,0
DA:1938,0
DA:1939,0
DA:1940,0
DA:1941,0
DA:1942,0
DA:1943,0
DA:1944,0
DA:1945,0
DA:1946,0
DA:1947,0
DA:1948,0
DA:1949,0
DA:1950,0
DA:1951,0
DA:1952,0
DA:1953,0
DA:1954,0
DA:1955,0
DA:1956,0
DA:1957,0
DA:1958,0
DA:1959,0
DA:1960,0
DA:1961,0
DA:1962,0
DA:1963,0
DA:1964,0
DA:1965,0
DA:1966,0
DA:1967,0
DA:1968,0
DA:1969,0
DA:1970,0
DA:1971,0
DA:1972,0
DA:1973,0
DA:1974,0
DA:1975,0
DA:1976,0
DA:1977,0
DA:1978,0
DA:1979,0
DA:1980,0
DA:1981,0
DA:1982,0
DA:1983,0
DA:1984,0
DA:1985,0
DA:1986,0
DA:1987,0
DA:1988,0
DA:1989,0
DA:1990,0
DA:1991,0
DA:1992,0
DA:1993,0
DA:1994,0
DA:1995,0
DA:1996,0
DA:1997,0
DA:1998,0
DA:1999,0
DA:2000,0
DA:2001,0
DA:2002,0
DA:2003,0
DA:2004,0
DA:2005,0
DA:2006,0
DA:2007,0
DA:2008,0
DA:2009,0
DA:2010,0
DA:2011,0
DA:2012,0
DA:2013,0
DA:2014,0
DA:2015,0
DA:2016,0
DA:2017,0
DA:2018,0
DA:2019,0
DA:2020,0
DA:2021,0
DA:2022,0
DA:2023,0
DA:2024,0
DA:2025,0
DA:2026,0
DA:2027,0
DA:2028,0
DA:2029,0
DA:2030,0
DA:2031,0
DA:2032,0
DA:2033,0
DA:2034,0
DA:2035,0
DA:2036,0
DA:2037,0
DA:2038,0
DA:2039,0
DA:2040,0
DA:2041,0
DA:2042,0
DA:2043,0
DA:2044,0
DA:2045,0
DA:2046,0
DA:2047,0
DA:2048,0
DA:2049,0
DA:2050,0
DA:2051,0
DA:2052,0
DA:2053,0
DA:2054,0
DA:2055,0
DA:2056,0
DA:2057,0
DA:2058,0
DA:2059,0
DA:2060,0
DA:2061,0
DA:2062,0
DA:2063,0
DA:2064,0
DA:2065,0
DA:2066,0
DA:2067,0
DA:2068,0
DA:2069,0
DA:2070,0
DA:2071,0
DA:2072,0
DA:2073,0
DA:2074,0
DA:2075,0
DA:2076,0
DA:2077,0
DA:2078,0
DA:2079,0
DA:2080,0
DA:2081,0
DA:2082,0
DA:2083,0
DA:2084,0
DA:2085,0
DA:2086,0
DA:2087,0
DA:2088,0
DA:2089,0
DA:2090,0
DA:2091,0
DA:2092,0
DA:2093,0
DA:2094,0
DA:2095,0
DA:2096,0
DA:2097,0
DA:2098,0
DA:2099,0
DA:2100,0
DA:2101,0
DA:2102,0
DA:2103,0
DA:2104,0
DA:2105,0
DA:2106,0
DA:2107,0
DA:2108,0
DA:2109,0
DA:2110,0
DA:2111,0
DA:2112,0
DA:2113,0
DA:2114,0
DA:2115,0
DA:2116,0
DA:2117,0
DA:2118,0
DA:2119,0
DA:2120,0
DA:2121,0
DA:2122,0
DA:2123,0
DA:2124,0
DA:2125,0
DA:2126,0
DA:2127,0
DA:2128,0
DA:2129,0
DA:2130,0
DA:2131,0
DA:2132,0
DA:2133,0
DA:2134,0
DA:2135,0
DA:2136,0
DA:2137,0
DA:2138,0
DA:2139,0
DA:2140,0
DA:2141,0
DA:2142,0
DA:2143,0
DA:2144,0
DA:2145,0
DA:2146,0
DA:2147,0
DA:2148,0
DA:2149,0
DA:2150,0
DA:2151,0
DA:2152,0
DA:2153,0
DA:2154,0
DA:2155,0
DA:2156,0
DA:2157,0
DA:2158,0
DA:2159,0
DA:2160,0
DA:2161,0
DA:2162,0
DA:2163,0
DA:2164,0
DA:2165,0
DA:2166,0
DA:2167,0
DA:2168,0
DA:2169,0
DA:2170,0
DA:2171,0
DA:2172,0
DA:2173,0
DA:2174,0
DA:2175,0
DA:2176,0
DA:2177,0
DA:2178,0
DA:2179,0
DA:2180,0
DA:2181,0
DA:2182,0
DA:2183,0
DA:2184,0
DA:2185,0
DA:2186,0
DA:2187,0
DA:2188,0
DA:2189,0
DA:2190,0
DA:2191,0
DA:2192,0
DA:2193,0
DA:2194,0
DA:2195,0
DA:2196,0
DA:2197,0
DA:2198,0
DA:2199,0
DA:2200,0
DA:2201,0
DA:2202,0
DA:2203,0
DA:2204,0
DA:2205,0
DA:2206,0
DA:2207,0
DA:2208,0
DA:2209,0
DA:2210,0
DA:2211,0
DA:2212,0
DA:2213,0
DA:2214,0
DA:2215,0
DA:2216,0
DA:2217,0
DA:2218,0
DA:2219,0
DA:2220,0
DA:2221,0
DA:2222,0
DA:2223,0
DA:2224,0
DA:2225,0
DA:2226,0
DA:2227,0
DA:2228,0
DA:2229,0
DA:2230,0
DA:2231,0
DA:2232,0
DA:2233,0
DA:2234,0
DA:2235,0
DA:2236,0
DA:2237,0
DA:2238,0
DA:2239,0
DA:2240,0
DA:2241,0
DA:2242,0
DA:2243,0
DA:2244,0
DA:2245,0
DA:2246,0
DA:2247,0
DA:2248,0
DA:2249,0
DA:2250,0
DA:2251,0
DA:2252,0
DA:2253,0
DA:2254,0
DA:2255,0
DA:2256,0
DA:2257,0
DA:2258,0
DA:2259,0
DA:2260,0
DA:2261,0
DA:2262,0
DA:2263,0
DA:2264,0
DA:2265,0
DA:2266,0
DA:2267,0
DA:2268,0
DA:2269,0
DA:2270,0
DA:2271,0
DA:2272,0
DA:2273,0
DA:2274,0
DA:2275,0
DA:2276,0
DA:2277,0
DA:2278,0
DA:2279,0
DA:2280,0
DA:2281,0
DA:2282,0
DA:2283,0
DA:2284,0
DA:2285,0
DA:2286,0
DA:2287,0
DA:2288,0
DA:2289,0
DA:2290,0
DA:2291,0
DA:2292,0
DA:2293,0
DA:2294,0
DA:2295,0
DA:2296,0
DA:2297,0
DA:2298,0
DA:2299,0
DA:2300,0
DA:2301,0
DA:2302,0
DA:2303,0
DA:2304,0
DA:2305,0
DA:2306,0
DA:2307,0
DA:2308,0
DA:2309,0
DA:2310,0
DA:2311,0
DA:2312,0
DA:2313,0
DA:2314,0
DA:2315,0
DA:2316,0
DA:2317,0
DA:2318,0
DA:2319,0
DA:2320,0
DA:2321,0
DA:2322,0
DA:2323,0
DA:2324,0
DA:2325,0
DA:2326,0
DA:2327,0
DA:2328,0
DA:2329,0
DA:2330,0
DA:2331,0
DA:2332,0
DA:2333,0
DA:2334,0
DA:2335,0
DA:2336,0
DA:2337,0
DA:2338,0
DA:2339,0
DA:2340,0
DA:2341,0
DA:2342,0
DA:2343,0
DA:2344,0
DA:2345,0
DA:2346,0
DA:2347,0
DA:2348,0
DA:2349,0
DA:2350,0
DA:2351,0
DA:2352,0
DA:2353,0
DA:2354,0
DA:2355,0
DA:2356,0
DA:2357,0
DA:2358,0
DA:2359,0
DA:2360,0
DA:2361,0
DA:2362,0
DA:2363,0
DA:2364,0
DA:2365,0
DA:2366,0
DA:2367,0
DA:2368,0
DA:2369,0
DA:2370,0
DA:2371,0
DA:2372,0
DA:2373,0
DA:2374,0
DA:2375,0
DA:2376,0
DA:2377,0
DA:2378,0
DA:2379,0
DA:2380,0
DA:2381,0
DA:2382,0
DA:2383,0
DA:2384,0
DA:2385,0
DA:2386,0
DA:2387,0
DA:2388,0
DA:2389,0
DA:2390,0
DA:2391,0
DA:2392,0
DA:2393,0
DA:2394,0
DA:2395,0
DA:2396,0
DA:2397,0
DA:2398,0
DA:2399,0
DA:2400,0
DA:2401,0
DA:2402,0
DA:2403,0
DA:2404,0
DA:2405,0
DA:2406,0
DA:2407,0
DA:2408,0
DA:2409,0
DA:2410,0
DA:2411,0
DA:2412,0
DA:2413,0
DA:2414,0
DA:2415,0
DA:2416,0
DA:2417,0
DA:2418,0
DA:2419,0
DA:2420,0
DA:2421,0
DA:2422,0
DA:2423,0
DA:2424,0
DA:2425,0
DA:2426,0
DA:2427,0
DA:2428,0
DA:2429,0
DA:2430,0
DA:2431,0
DA:2432,0
DA:2433,0
DA:2434,0
DA:2435,0
DA:2436,0
DA:2437,0
DA:2438,0
DA:2439,0
DA:2440,0
DA:2441,0
DA:2442,0
DA:2443,0
DA:2444,0
DA:2445,0
DA:2446,0
DA:2447,0
DA:2448,0
DA:2449,0
DA:2450,0
DA:2451,0
DA:2452,0
DA:2453,0
DA:2454,0
DA:2455,0
DA:2456,0
DA:2457,0
DA:2458,0
DA:2459,0
DA:2460,0
DA:2461,0
DA:2462,0
DA:2463,0
DA:2464,0
DA:2465,0
DA:2466,0
DA:2467,0
DA:2468,0
DA:2469,0
DA:2470,0
DA:2471,0
DA:2472,0
DA:2473,0
DA:2474,0
DA:2475,0
DA:2476,0
DA:2477,0
DA:2478,0
DA:2479,0
DA:2480,0
DA:2481,0
DA:2482,0
DA:2483,0
DA:2484,0
DA:2485,0
DA:2486,0
DA:2487,0
DA:2488,0
DA:2489,0
DA:2490,0
DA:2491,0
DA:2492,0
DA:2493,0
DA:2494,0
DA:2495,0
DA:2496,0
DA:2497,0
DA:2498,0
DA:2499,0
DA:2500,0
DA:2501,0
DA:2502,0
DA:2503,0
DA:2504,0
DA:2505,0
DA:2506,0
DA:2507,0
DA:2508,0
DA:2509,0
DA:2510,0
DA:2511,0
DA:2512,0
DA:2513,0
DA:2514,0
DA:2515,0
DA:2516,0
DA:2517,0
DA:2518,0
DA:2519,0
DA:2520,0
DA:2521,0
DA:2522,0
DA:2523,0
DA:2524,0
DA:2525,0
DA:2526,0
DA:2527,0
DA:2528,0
DA:2529,0
DA:2530,0
DA:2531,0
DA:2532,0
DA:2533,0
DA:2534,0
DA:2535,0
DA:2536,0
DA:2537,0
DA:2538,0
DA:2539,0
DA:2540,0
DA:2541,0
DA:2542,0
DA:2543,0
DA:2544,0
DA:2545,0
DA:2546,0
DA:2547,0
DA:2548,0
DA:2549,0
DA:2550,0
DA:2551,0
DA:2552,0
DA:2553,0
DA:2554,0
DA:2555,0
DA:2556,0
DA:2557,0
DA:2558,0
DA:2559,0
DA:2560,0
DA:2561,0
DA:2562,0
DA:2563,0
DA:2564,0
DA:2565,0
DA:2566,0
DA:2567,0
DA:2568,0
DA:2569,0
DA:2570,0
DA:2571,0
DA:2572,0
DA:2573,0
DA:2574,0
DA:2575,0
DA:2576,0
DA:2577,0
DA:2578,0
DA:2579,0
DA:2580,0
DA:2581,0
DA:2582,0
DA:2583,0
DA:2584,0
DA:2585,0
DA:2586,0
DA:2587,0
DA:2588,0
DA:2589,0
DA:2590,0
DA:2591,0
DA:2592,0
DA:2593,0
DA:2594,0
DA:2595,0
DA:2596,0
DA:2597,0
DA:2598,0
DA:2599,0
DA:2600,0
DA:2601,0
DA:2602,0
DA:2603,0
DA:2604,0
DA:2605,0
DA:2606,0
DA:2607,0
DA:2608,0
DA:2609,0
DA:2610,0
DA:2611,0
DA:2612,0
DA:2613,0
DA:2614,0
DA:2615,0
DA:2616,0
DA:2617,0
DA:2618,0
DA:2619,0
DA:2620,0
DA:2621,0
DA:2622,0
DA:2623,0
DA:2624,0
DA:2625,0
DA:2626,0
DA:2627,0
DA:2628,0
DA:2629,0
DA:2630,0
DA:2631,0
DA:2632,0
DA:2633,0
DA:2634,0
DA:2635,0
DA:2636,0
DA:2637,0
DA:2638,0
DA:2639,0
DA:2640,0
DA:2641,0
DA:2642,0
DA:2643,0
DA:2644,0
DA:2645,0
DA:2646,0
DA:2647,0
DA:2648,0
DA:2649,0
DA:2650,0
DA:2651,0
DA:2652,0
DA:2653,0
DA:2654,0
DA:2655,0
DA:2656,0
DA:2657,0
DA:2658,0
DA:2659,0
DA:2660,0
DA:2661,0
DA:2662,0
DA:2663,0
DA:2664,0
DA:2665,0
DA:2666,0
DA:2667,0
DA:2668,0
DA:2669,0
DA:2670,0
DA:2671,0
DA:2672,0
DA:2673,0
DA:2674,0
DA:2675,0
DA:2676,0
DA:2677,0
DA:2678,0
DA:2679,0
DA:2680,0
DA:2681,0
DA:2682,0
DA:2683,0
DA:2684,0
DA:2685,0
DA:2686,0
DA:2687,0
DA:2688,0
DA:2689,0
DA:2690,0
DA:2691,0
DA:2692,0
DA:2693,0
DA:2694,0
DA:2695,0
DA:2696,0
DA:2697,0
DA:2698,0
DA:2699,0
DA:2700,0
DA:2701,0
DA:2702,0
DA:2703,0
DA:2704,0
DA:2705,0
DA:2706,0
DA:2707,0
DA:2708,0
DA:2709,0
DA:2710,0
DA:2711,0
DA:2712,0
DA:2713,0
DA:2714,0
DA:2715,0
DA:2716,0
DA:2717,0
DA:2718,0
DA:2719,0
DA:2720,0
DA:2721,0
DA:2722,0
DA:2723,0
DA:2724,0
DA:2725,0
DA:2726,0
DA:2727,0
DA:2728,0
LF:2094
LH:405
end_of_record
TN:
SF:src/lib/analytics.ts
FNF:15
FNH:8
DA:6,79
DA:7,42
DA:8,34
DA:10,48
DA:11,67
DA:19,6
DA:20,12
DA:21,59
DA:22,7
DA:23,17
DA:24,1
DA:33,0
DA:34,0
DA:35,0
DA:36,0
DA:37,0
DA:48,0
DA:49,0
DA:50,0
DA:51,0
DA:52,0
DA:53,0
DA:54,0
DA:55,0
DA:56,0
DA:57,0
DA:58,0
DA:59,0
DA:60,1
DA:105,0
DA:106,0
DA:107,0
DA:108,1
DA:115,0
DA:116,0
DA:117,0
DA:118,0
DA:119,0
DA:120,0
DA:121,0
DA:122,0
DA:123,0
DA:124,0
DA:125,0
DA:126,0
DA:127,0
DA:128,0
DA:129,0
DA:130,0
DA:131,0
DA:132,0
DA:133,0
DA:134,0
DA:135,0
DA:136,0
DA:137,0
DA:138,0
DA:139,0
DA:140,0
DA:141,0
DA:142,0
DA:143,0
DA:144,0
DA:145,0
DA:146,0
DA:147,0
DA:148,0
DA:149,0
DA:150,0
DA:151,0
DA:152,0
DA:153,0
DA:154,0
DA:155,0
DA:156,1
DA:164,17
DA:166,16
DA:167,31
DA:168,18
DA:169,9
DA:170,44
DA:171,35
DA:172,2
DA:174,89
DA:175,22
DA:176,23
DA:177,73
DA:178,34
DA:179,67
DA:180,4
DA:181,4
DA:182,43
DA:183,2
DA:185,34
DA:186,26
DA:187,48
DA:214,0
DA:215,0
DA:216,0
DA:217,0
DA:218,0
DA:219,0
DA:220,0
DA:221,0
DA:222,0
DA:223,0
DA:224,0
DA:225,0
DA:226,0
DA:227,0
DA:228,0
DA:229,0
DA:230,0
DA:231,0
DA:232,0
DA:233,0
DA:234,0
DA:235,0
DA:236,0
DA:237,0
DA:238,0
DA:239,0
DA:240,0
DA:241,0
DA:242,0
DA:243,0
DA:244,0
DA:245,0
DA:246,0
DA:247,0
DA:248,0
DA:249,0
DA:250,0
DA:251,0
DA:252,0
DA:253,0
DA:254,0
DA:255,0
DA:256,0
DA:257,0
DA:258,0
DA:259,0
DA:260,0
DA:261,0
DA:262,0
DA:263,0
DA:264,0
DA:265,1
DA:280,0
DA:281,0
DA:282,0
DA:283,0
DA:284,0
DA:285,0
DA:286,0
DA:287,0
DA:288,0
DA:289,0
DA:290,0
DA:291,0
DA:292,0
DA:293,0
DA:294,0
DA:295,0
DA:296,0
DA:297,0
DA:298,0
DA:299,0
DA:300,0
DA:301,0
DA:302,0
DA:303,0
DA:304,0
DA:305,0
DA:306,0
DA:307,0
DA:308,0
DA:309,0
DA:310,0
DA:311,1
DA:329,0
DA:330,0
DA:331,0
DA:332,0
DA:333,0
DA:334,1
DA:343,25
DA:344,83
DA:345,69
DA:347,22
DA:348,30
DA:349,60
DA:350,17
DA:351,48
DA:352,26
DA:353,2
DA:355,26
DA:356,71
DA:357,29
LF:199
LH:51
end_of_record
TN:
SF:src/lib/auto-detect.ts
FNF:9
FNH:0
DA:6,64
DA:7,32
DA:21,0
DA:22,0
DA:23,0
DA:24,0
DA:25,0
DA:26,0
DA:27,0
DA:28,0
DA:29,0
DA:34,0
DA:35,0
DA:40,0
DA:41,0
DA:42,1
DA:74,35
DA:75,155
DA:76,208
DA:77,148
DA:78,140
DA:79,204
DA:80,131
DA:81,121
DA:82,110
DA:86,154
DA:87,2
DA:89,11
DA:90,14
DA:97,29
DA:106,0
DA:107,0
DA:108,0
DA:109,0
DA:110,0
DA:111,0
DA:112,0
DA:113,0
DA:114,0
DA:115,0
DA:116,0
DA:117,0
DA:118,0
DA:119,0
DA:120,0
DA:121,0
DA:122,0
DA:123,0
DA:124,0
DA:125,0
DA:126,0
DA:127,0
DA:128,0
DA:129,0
DA:130,0
DA:131,0
DA:132,0
DA:133,0
DA:134,0
DA:135,0
DA:136,0
DA:137,0
DA:138,0
DA:139,0
DA:140,0
DA:141,0
DA:142,0
DA:143,0
DA:144,0
DA:145,0
DA:146,1
DA:150,18
DA:161,0
DA:162,0
DA:163,0
DA:164,0
DA:165,0
DA:166,0
DA:167,0
DA:168,0
DA:169,0
DA:170,0
DA:171,0
DA:172,0
DA:173,0
DA:174,0
DA:175,0
DA:176,0
DA:177,0
DA:178,0
DA:179,0
DA:180,0
DA:181,0
DA:182,0
DA:183,0
DA:184,0
DA:185,0
DA:186,0
DA:187,0
DA:188,0
DA:189,0
DA:190,0
DA:191,0
DA:192,0
DA:193,0
DA:194,1
DA:203,32
DA:204,28
DA:214,0
DA:215,0
DA:216,0
DA:217,0
DA:218,0
DA:219,0
DA:220,0
DA:221,0
DA:222,0
DA:223,0
DA:224,0
DA:225,0
DA:226,0
DA:227,0
DA:228,0
DA:229,0
DA:230,0
DA:231,0
DA:232,0
DA:233,0
DA:234,0
DA:235,0
DA:236,0
DA:237,0
DA:238,0
DA:239,0
DA:240,0
DA:241,0
DA:242,0
DA:243,0
DA:244,0
DA:245,0
DA:246,0
DA:247,0
DA:248,0
DA:249,0
DA:250,0
DA:251,0
DA:252,0
DA:253,0
DA:254,0
DA:255,0
DA:256,0
DA:257,0
DA:258,0
DA:259,0
DA:260,0
DA:261,0
DA:262,0
DA:263,0
DA:264,0
DA:265,0
DA:266,0
DA:267,0
DA:268,0
DA:269,0
DA:270,0
DA:271,0
DA:272,0
DA:273,0
DA:274,0
DA:275,0
DA:276,0
DA:277,0
DA:278,0
DA:279,0
DA:280,0
DA:281,0
DA:282,0
DA:283,0
DA:284,0
DA:285,0
DA:286,0
DA:287,0
DA:288,0
DA:289,0
DA:290,0
DA:291,0
DA:292,0
DA:293,0
DA:294,0
DA:295,0
DA:296,0
DA:297,0
DA:298,0
DA:299,0
DA:300,0
DA:301,0
DA:302,0
DA:303,0
DA:304,0
DA:305,0
DA:306,0
DA:307,0
DA:308,0
DA:309,0
DA:310,0
DA:311,0
DA:312,0
DA:313,0
DA:314,0
DA:315,0
DA:316,0
DA:317,0
DA:318,0
DA:319,0
DA:320,0
DA:321,0
DA:322,0
DA:323,0
DA:324,0
DA:325,0
DA:326,0
DA:327,0
DA:328,0
DA:329,0
DA:330,0
DA:331,0
DA:332,0
DA:333,0
DA:334,0
DA:335,0
DA:336,0
DA:337,0
DA:338,0
DA:339,0
DA:340,0
DA:341,0
DA:342,0
DA:343,0
DA:344,0
DA:345,0
LF:240
LH:22
end_of_record
TN:
SF:src/lib/catalog-index.ts
FNF:19
FNH:0
DA:30,112
DA:31,34
DA:32,66
DA:34,42
DA:36,42
DA:37,55
DA:38,55
DA:40,42
DA:43,25
DA:45,20
DA:46,10
DA:47,14
DA:48,9
DA:49,16
DA:50,17
DA:52,11
DA:53,2
DA:57,37
DA:60,35
DA:63,33
DA:70,28
DA:72,90
DA:73,93
DA:74,88
DA:75,84
DA:76,88
DA:77,90
DA:78,87
DA:79,80
DA:81,87
DA:82,89
DA:83,88
DA:84,81
DA:85,84
DA:86,2
DA:148,0
DA:149,1
DA:152,0
DA:153,1
DA:158,0
DA:159,1
DA:162,0
DA:163,1
DA:168,0
DA:169,1
DA:180,0
DA:181,0
DA:182,0
DA:183,0
DA:184,0
DA:185,0
DA:205,0
DA:206,0
DA:207,0
DA:208,0
DA:209,0
DA:210,1
DA:222,0
DA:223,0
DA:224,0
DA:225,0
DA:226,0
DA:227,0
DA:228,0
DA:229,0
DA:230,0
DA:231,0
DA:232,1
DA:241,0
DA:242,0
DA:243,0
DA:244,0
DA:245,0
DA:246,0
DA:247,0
DA:248,0
DA:249,0
DA:250,0
DA:251,0
DA:252,0
DA:253,0
DA:254,0
DA:255,0
DA:256,0
DA:257,0
DA:258,0
DA:259,0
DA:260,0
DA:261,0
DA:262,0
DA:263,0
DA:264,0
DA:265,0
DA:266,0
DA:267,0
DA:268,0
DA:269,0
DA:270,0
DA:271,0
DA:272,0
DA:273,0
DA:274,0
DA:275,0
DA:276,0
DA:277,0
DA:278,0
DA:279,0
DA:280,0
DA:281,0
DA:282,0
DA:283,0
DA:284,0
DA:285,0
DA:286,0
DA:287,0
DA:288,0
DA:289,0
DA:290,0
DA:291,0
DA:292,0
DA:293,0
DA:294,0
DA:295,0
DA:296,0
DA:297,0
DA:298,0
DA:299,0
DA:300,0
DA:301,0
DA:302,0
DA:303,0
DA:304,0
DA:305,0
DA:306,0
DA:307,0
DA:308,0
DA:309,0
DA:310,0
DA:311,0
DA:323,0
DA:324,0
DA:325,0
DA:326,0
DA:327,0
DA:328,0
DA:329,0
DA:330,0
DA:331,0
DA:332,0
DA:333,0
DA:334,0
DA:335,0
DA:336,0
DA:337,0
DA:338,0
DA:339,0
DA:340,0
DA:341,0
DA:342,0
DA:343,0
DA:344,0
DA:345,0
DA:346,0
DA:347,0
DA:348,0
DA:349,0
DA:350,0
DA:351,0
DA:352,0
DA:353,0
DA:354,0
DA:355,0
DA:356,0
DA:361,0
DA:362,0
DA:363,0
DA:364,0
DA:365,0
DA:369,0
DA:370,0
DA:371,0
DA:372,0
DA:373,0
DA:374,0
DA:375,0
DA:376,0
DA:377,0
DA:378,0
DA:379,0
DA:380,1
DA:384,0
DA:385,0
DA:386,0
DA:387,0
DA:388,1
DA:392,0
DA:393,0
DA:394,0
DA:395,0
DA:396,0
DA:397,0
DA:398,1
DA:403,0
DA:404,0
DA:405,0
DA:406,0
DA:407,0
DA:408,1
DA:435,0
DA:436,0
DA:437,0
DA:438,0
DA:439,0
DA:440,0
DA:441,0
DA:442,0
DA:443,0
DA:444,0
DA:445,0
DA:446,0
DA:447,0
DA:448,0
DA:449,0
DA:450,0
DA:451,0
DA:452,0
DA:453,0
DA:454,0
DA:455,0
DA:456,0
DA:457,0
DA:458,0
DA:459,0
DA:460,0
DA:461,0
DA:462,0
DA:463,0
DA:464,0
DA:465,0
DA:466,0
DA:467,0
DA:468,0
DA:469,0
DA:470,0
DA:471,0
DA:472,0
DA:473,0
DA:474,0
DA:475,0
DA:479,0
DA:480,0
DA:481,0
DA:482,0
DA:483,0
DA:484,0
DA:485,0
DA:486,0
DA:487,0
DA:488,0
DA:489,0
DA:490,0
DA:491,0
DA:492,0
DA:493,0
DA:494,1
DA:507,0
DA:508,0
DA:509,0
DA:510,0
DA:511,0
DA:512,0
DA:513,0
DA:514,0
DA:515,0
DA:516,0
DA:517,0
DA:518,0
DA:519,0
DA:520,0
DA:521,0
DA:522,0
DA:523,0
DA:524,0
DA:525,0
DA:526,0
DA:527,0
DA:528,0
DA:529,0
DA:530,0
DA:531,0
DA:532,0
DA:533,0
DA:534,0
DA:535,0
DA:536,0
DA:537,0
DA:538,0
DA:539,0
DA:540,0
DA:541,0
DA:542,0
DA:543,0
DA:544,0
DA:545,0
DA:546,0
DA:547,0
DA:548,0
DA:549,0
DA:553,0
DA:554,0
DA:555,0
LF:311
LH:47
end_of_record
TN:
SF:src/lib/claude-binary.ts
FNF:3
FNH:0
DA:21,61
DA:22,42
DA:24,55
DA:45,0
DA:46,0
DA:47,0
DA:48,0
DA:49,0
DA:50,0
DA:51,0
DA:52,0
DA:53,0
DA:54,0
DA:55,0
DA:56,0
DA:57,0
DA:58,0
DA:59,0
DA:60,0
DA:61,0
DA:62,0
DA:63,0
DA:64,0
DA:65,0
DA:66,0
DA:67,0
DA:68,0
DA:69,1
DA:83,0
DA:84,0
DA:85,0
DA:86,0
DA:87,0
DA:88,0
DA:89,0
DA:90,0
DA:91,0
DA:92,0
DA:93,0
DA:94,0
DA:95,1
DA:98,0
DA:99,0
DA:100,0
DA:101,0
DA:102,0
DA:103,0
DA:104,0
LF:48
LH:5
end_of_record
TN:
SF:src/lib/claude-classifier.ts
FNF:8
FNH:0
DA:27,43
DA:28,124
DA:29,33
DA:31,52
DA:32,42
DA:46,0
DA:47,0
DA:48,1
DA:63,0
DA:64,0
DA:65,0
DA:66,0
DA:67,0
DA:68,0
DA:69,1
DA:79,0
DA:80,1
DA:91,0
DA:92,0
DA:93,0
DA:94,0
DA:95,0
DA:96,0
DA:97,0
DA:98,0
DA:99,0
DA:100,0
DA:101,0
DA:102,0
DA:103,0
DA:104,0
DA:105,0
DA:106,0
DA:107,0
DA:108,0
DA:109,1
DA:114,0
DA:115,0
DA:116,0
DA:117,0
DA:118,0
DA:119,0
DA:120,0
DA:121,0
DA:122,0
DA:123,0
DA:124,0
DA:125,0
DA:126,0
DA:127,0
DA:128,0
DA:129,0
DA:130,0
DA:131,0
DA:132,0
DA:133,0
DA:134,0
DA:135,0
DA:136,0
DA:137,0
DA:138,0
DA:139,0
DA:140,0
DA:141,0
DA:142,0
DA:143,0
DA:157,0
DA:158,0
DA:159,0
DA:160,0
DA:161,0
DA:162,0
DA:163,0
DA:164,0
DA:165,0
DA:166,0
DA:167,0
DA:168,0
DA:169,0
DA:170,0
DA:171,0
DA:172,0
DA:173,0
DA:174,0
DA:175,0
DA:176,0
DA:177,0
DA:178,0
DA:179,0
DA:180,0
DA:181,0
DA:182,0
DA:183,0
DA:184,0
DA:185,0
DA:186,0
DA:187,0
DA:188,0
DA:189,0
DA:190,0
DA:191,0
DA:192,0
DA:193,0
DA:194,0
DA:195,0
DA:196,0
DA:197,0
DA:198,0
DA:199,0
DA:200,0
DA:201,0
DA:202,0
DA:203,0
DA:204,0
DA:205,1
DA:232,0
DA:233,0
DA:234,1
DA:244,0
DA:245,0
DA:246,0
DA:247,0
DA:248,0
DA:249,0
DA:250,0
DA:251,0
DA:252,0
DA:253,0
DA:254,0
DA:255,0
DA:256,0
DA:257,0
LF:132
LH:11
end_of_record
TN:
SF:src/lib/claude-logo.ts
FNF:1
FNH:0
DA:16,63
DA:17,33
DA:19,42
DA:21,37
DA:22,1896
DA:29,0
DA:30,0
DA:31,0
DA:32,0
DA:33,0
DA:34,0
DA:35,0
DA:36,0
DA:37,0
DA:38,0
LF:15
LH:5
end_of_record
TN:
SF:src/lib/codex-auth.ts
FNF:3
FNH:0
DA:1,86
DA:2,35
DA:4,0
DA:5,0
DA:6,0
DA:7,0
DA:8,0
DA:9,0
DA:10,0
DA:11,0
DA:12,0
DA:13,1
DA:18,0
DA:19,0
DA:20,0
DA:21,0
DA:22,0
DA:23,0
DA:24,0
DA:25,0
DA:26,0
DA:27,0
DA:28,0
DA:29,0
DA:30,0
DA:31,0
DA:32,0
DA:33,0
DA:34,0
DA:35,0
DA:36,0
DA:37,1
DA:41,0
LF:33
LH:4
end_of_record
TN:
SF:src/lib/codex-config.ts
FNF:6
FNH:5
DA:24,34
DA:25,33
DA:38,0
DA:39,1
DA:48,57
DA:49,52
DA:55,10
DA:56,16
DA:57,19
DA:58,41
DA:59,23
DA:60,17
DA:61,39
DA:62,42
DA:63,8
DA:64,4
DA:65,65
DA:66,29
DA:67,38
DA:68,41
DA:69,2
DA:70,13
DA:80,15
DA:81,17
DA:82,22
DA:83,31
DA:84,19
DA:86,42
DA:87,26
DA:88,32
DA:89,63
DA:91,43
DA:92,18
DA:93,24
DA:94,8
DA:95,4
DA:96,60
DA:98,36
DA:99,25
DA:100,50
DA:101,29
DA:104,39
DA:105,41
DA:106,0
DA:107,0
DA:108,0
DA:109,4
DA:110,55
DA:111,28
DA:112,2
DA:113,25
DA:117,16
DA:118,63
DA:119,56
DA:120,61
DA:121,75
DA:122,44
DA:123,38
DA:124,74
DA:125,34
DA:126,0
DA:127,1
DA:144,16
DA:145,94
DA:146,42
DA:148,48
DA:149,58
DA:150,58
DA:151,41
DA:152,30
DA:153,56
DA:154,40
DA:155,6
DA:156,8
DA:157,4
DA:158,33
DA:159,2
DA:161,17
DA:162,65
DA:163,34
DA:164,27
DA:165,27
DA:166,74
DA:167,15
DA:168,2
DA:169,62
DA:170,36
DA:171,48
DA:172,39
DA:173,4
DA:174,15
DA:175,2
DA:176,19
LF:93
LH:88
end_of_record
TN:
SF:src/lib/combo-history.ts
FNF:5
FNH:0
DA:16,78
DA:17,34
DA:18,42
DA:19,48
DA:22,0
DA:23,0
DA:24,0
DA:25,1
DA:53,0
DA:54,0
DA:55,0
DA:56,0
DA:57,0
DA:58,0
DA:59,0
DA:60,0
DA:61,0
DA:62,0
DA:63,0
DA:64,0
DA:65,0
DA:66,0
DA:67,0
DA:68,0
DA:69,0
DA:70,0
DA:71,0
DA:72,0
DA:73,0
DA:74,0
DA:75,1
DA:81,0
DA:82,0
DA:83,0
DA:84,0
DA:85,0
DA:86,1
DA:118,0
DA:119,0
DA:120,0
DA:121,0
DA:122,0
DA:123,0
DA:124,0
DA:125,0
DA:126,0
DA:127,0
DA:128,0
DA:129,0
DA:130,0
DA:131,0
DA:132,0
DA:133,0
DA:134,0
DA:135,0
DA:136,0
DA:137,0
DA:138,0
DA:139,0
DA:140,0
DA:141,0
DA:142,0
DA:143,0
DA:144,0
DA:145,0
DA:146,0
DA:147,0
DA:148,0
DA:149,0
DA:150,0
DA:151,0
DA:152,0
DA:153,0
DA:154,0
DA:155,0
DA:156,0
DA:157,0
DA:158,0
DA:159,0
DA:163,0
DA:164,0
DA:165,0
LF:82
LH:7
end_of_record
TN:
SF:src/lib/companion-detect.ts
FNF:3
FNH:0
DA:16,38
DA:17,46
DA:19,50
DA:44,71
DA:45,54
DA:46,61
DA:48,31
DA:49,11
DA:50,11
DA:51,11
DA:52,14
DA:53,17
DA:54,10
DA:55,3
DA:61,21
DA:62,28
DA:63,29
DA:64,27
DA:65,23
DA:66,24
DA:67,20
DA:68,22
DA:70,0
DA:71,0
DA:72,0
DA:73,0
DA:74,1
DA:83,0
DA:84,0
DA:85,0
DA:86,0
DA:87,0
DA:88,0
DA:89,0
DA:90,0
DA:91,0
DA:92,0
DA:93,0
DA:94,0
DA:95,0
DA:96,0
DA:97,0
DA:98,0
DA:99,0
DA:100,0
DA:101,0
DA:102,0
DA:103,0
DA:104,0
DA:105,0
DA:106,0
DA:107,0
DA:108,0
DA:109,0
DA:110,0
DA:111,0
DA:112,0
DA:113,0
DA:114,0
DA:115,0
DA:116,0
DA:117,0
DA:118,0
DA:119,0
DA:120,0
DA:121,0
DA:122,0
DA:123,0
DA:124,0
DA:125,0
DA:126,0
DA:127,0
DA:128,0
DA:129,0
DA:130,0
DA:131,0
DA:132,0
DA:133,0
DA:134,0
DA:135,0
DA:136,0
DA:137,0
DA:138,0
DA:139,0
DA:140,0
DA:141,1
DA:152,36
DA:161,0
DA:162,0
DA:163,0
DA:164,0
DA:165,0
DA:166,0
DA:167,0
DA:168,0
DA:169,0
DA:170,0
DA:171,0
DA:172,0
DA:173,0
LF:100
LH:25
end_of_record
TN:
SF:src/lib/conditional-skills.ts
FNF:8
FNH:3
DA:5,51
DA:6,32
DA:20,0
DA:21,0
DA:22,0
DA:23,0
DA:24,0
DA:25,0
DA:26,0
DA:31,0
DA:32,0
DA:33,0
DA:34,0
DA:35,0
DA:36,0
DA:40,7
DA:41,21
DA:42,31
DA:49,25
DA:50,44
DA:51,42
DA:52,38
DA:55,42
DA:58,40
DA:61,87
DA:63,12
DA:69,0
LF:27
LH:13
end_of_record
TN:
SF:src/lib/config-paths.ts
FNF:2
FNH:0
DA:13,34
DA:14,33
DA:21,0
DA:22,0
DA:23,1
DA:30,0
DA:31,0
LF:7
LH:3
end_of_record
TN:
SF:src/lib/cwd-resolver.ts
FNF:14
FNH:14
DA:15,50
DA:16,34
DA:17,50
DA:33,9
DA:34,65
DA:43,9
DA:44,19
DA:45,15
DA:46,39
DA:47,44
DA:48,33
DA:49,25
DA:50,28
DA:51,62
DA:52,2
DA:53,22
DA:56,31
DA:57,30
DA:58,31
DA:59,17
DA:60,42
DA:61,53
DA:62,37
DA:63,32
DA:64,39
DA:65,15
DA:66,0
DA:69,21
DA:70,30
DA:71,31
DA:72,17
DA:73,55
DA:74,37
DA:75,32
DA:76,39
DA:77,15
DA:78,1
DA:81,14
DA:82,72
DA:84,75
DA:85,17
DA:86,61
DA:87,64
DA:88,2
DA:90,61
DA:91,18
DA:92,72
DA:93,42
DA:94,13
DA:95,73
DA:96,38
DA:97,63
DA:98,0
DA:99,0
DA:100,2
DA:102,62
DA:103,35
DA:104,78
DA:105,61
DA:106,2
DA:108,25
DA:116,6
DA:117,42
DA:118,46
DA:129,6
DA:130,21
DA:131,9
DA:132,3
DA:133,47
DA:134,8
DA:135,23
DA:136,34
DA:137,10
DA:138,5
DA:139,53
LF:75
LH:72
end_of_record
TN:
SF:src/lib/debug-log.ts
FNF:3
FNH:2
DA:15,11
DA:16,34
DA:17,78
DA:21,0
DA:22,0
DA:23,0
DA:24,0
DA:25,0
DA:26,0
DA:27,0
DA:28,1
DA:37,24
DA:38,29
DA:39,0
DA:40,0
DA:41,0
DA:42,0
LF:17
LH:6
end_of_record
TN:
SF:src/lib/kitty-image.ts
FNF:13
FNH:0
DA:23,39
DA:24,36
DA:26,30
DA:27,29
DA:33,0
DA:34,0
DA:35,0
DA:36,0
DA:37,0
DA:38,0
DA:39,0
DA:40,0
DA:41,0
DA:42,0
DA:43,0
DA:44,0
DA:45,0
DA:46,0
DA:47,0
DA:48,0
DA:49,0
DA:50,0
DA:51,0
DA:52,0
DA:53,0
DA:54,0
DA:55,0
DA:56,0
DA:57,0
DA:58,0
DA:59,0
DA:60,0
DA:61,0
DA:62,1
DA:80,0
DA:81,0
DA:82,0
DA:83,0
DA:84,0
DA:85,0
DA:86,0
DA:87,0
DA:88,0
DA:89,0
DA:90,0
DA:91,0
DA:92,0
DA:93,0
DA:94,0
DA:99,0
DA:109,0
DA:110,0
DA:111,1
DA:121,0
DA:122,0
DA:123,0
DA:124,0
DA:125,0
DA:126,0
DA:127,0
DA:128,0
DA:129,0
DA:130,0
DA:131,1
DA:158,46
DA:167,29
DA:168,44
DA:169,44
DA:170,44
DA:171,44
DA:172,44
DA:173,44
DA:174,44
DA:175,42
DA:176,2
DA:188,0
DA:189,0
DA:190,0
DA:191,0
DA:192,0
DA:193,0
DA:194,0
DA:195,0
DA:196,0
DA:197,0
DA:198,0
DA:199,0
DA:200,1
DA:218,0
DA:219,0
DA:220,0
DA:221,0
DA:222,0
DA:223,0
DA:224,0
DA:225,0
DA:226,0
DA:227,0
DA:228,0
DA:229,0
DA:230,0
DA:231,0
DA:232,0
DA:233,0
DA:234,0
DA:235,0
DA:236,0
DA:237,0
DA:238,1
DA:250,0
DA:251,0
DA:263,0
DA:264,0
DA:265,1
DA:272,0
DA:273,0
DA:274,0
DA:275,1
DA:279,0
DA:280,0
DA:281,0
DA:282,1
DA:285,22
DA:302,0
DA:303,0
DA:304,0
DA:305,0
DA:306,0
DA:307,0
DA:308,0
DA:309,0
DA:310,0
DA:311,0
DA:312,0
DA:313,0
DA:314,0
DA:315,0
DA:316,0
DA:317,0
DA:318,0
DA:319,0
DA:320,0
DA:321,0
DA:322,0
DA:323,0
DA:324,0
DA:325,0
DA:326,0
DA:327,0
DA:328,0
DA:329,0
DA:330,0
DA:331,0
DA:332,0
DA:333,0
DA:334,0
DA:335,0
DA:336,0
DA:337,0
DA:338,0
DA:339,0
DA:340,0
DA:341,0
DA:342,0
DA:343,0
DA:344,0
DA:345,0
DA:346,0
DA:347,1
DA:359,0
DA:360,0
DA:361,0
DA:362,0
DA:363,0
DA:364,0
DA:365,0
DA:366,0
DA:367,0
DA:368,0
DA:369,0
DA:370,0
DA:371,0
DA:372,0
DA:373,0
DA:374,0
LF:185
LH:25
end_of_record
TN:
SF:src/lib/launch-guards.ts
FNF:4
FNH:0
DA:2,0
DA:3,0
DA:4,1
DA:8,0
DA:9,0
DA:10,0
DA:11,1
DA:15,34
DA:17,0
DA:18,0
DA:19,0
DA:20,0
DA:21,0
DA:22,0
DA:23,0
DA:24,0
DA:25,0
DA:26,0
DA:27,0
DA:28,0
DA:29,1
DA:32,0
DA:33,0
DA:34,0
DA:35,0
DA:36,0
LF:26
LH:4
end_of_record
TN:
SF:src/lib/launch-loader.ts
FNF:4
FNH:0
DA:31,37
DA:33,95
DA:36,116
DA:37,19
DA:39,26
DA:45,30
DA:47,32
DA:48,32
DA:49,30
DA:50,22
DA:51,24
DA:52,38
DA:53,44
DA:76,0
DA:77,1
DA:80,0
DA:108,0
DA:109,0
DA:110,0
DA:111,0
DA:112,0
DA:113,0
DA:114,0
DA:115,0
DA:116,0
DA:117,0
DA:118,0
DA:119,0
DA:120,0
DA:121,0
DA:122,0
DA:123,0
DA:124,0
DA:125,0
DA:126,0
DA:127,0
DA:128,0
DA:129,0
DA:130,0
DA:131,0
DA:132,0
DA:133,0
DA:134,0
DA:135,0
DA:136,0
DA:137,0
DA:138,0
DA:139,0
DA:140,0
DA:141,0
DA:142,0
DA:143,0
DA:144,0
DA:145,0
DA:146,0
DA:147,0
DA:148,0
DA:149,0
DA:150,0
DA:151,0
DA:152,0
DA:153,0
DA:154,0
DA:155,0
DA:156,0
DA:157,0
DA:158,1
DA:167,0
DA:168,0
DA:169,0
DA:170,0
DA:171,0
DA:172,0
DA:173,0
DA:174,0
DA:175,0
DA:176,0
DA:177,0
DA:178,0
DA:179,0
DA:180,0
DA:181,0
DA:182,0
DA:183,0
DA:184,0
DA:185,0
DA:186,0
DA:187,0
DA:188,0
DA:189,0
DA:190,0
DA:191,0
DA:192,0
DA:193,0
DA:194,0
DA:195,0
DA:196,0
DA:197,0
DA:198,0
DA:199,0
DA:200,0
DA:201,0
DA:202,0
DA:203,0
DA:204,0
DA:205,0
DA:206,0
DA:207,0
DA:208,0
DA:209,0
DA:210,0
DA:211,0
DA:212,0
DA:213,0
DA:214,0
DA:215,0
DA:216,0
DA:217,0
DA:218,0
DA:219,0
DA:220,0
DA:221,0
DA:222,0
DA:223,0
DA:224,0
DA:225,0
DA:226,1
DA:230,24
DA:231,19
DA:232,9
DA:233,10
DA:234,17
DA:235,46
DA:236,1
LF:134
LH:23
end_of_record
TN:
SF:src/lib/lazy-skills.ts
FNF:6
FNH:3
DA:8,56
DA:11,11
DA:12,60
DA:21,18
DA:22,21
DA:23,15
DA:24,61
DA:25,47
DA:26,43
DA:27,2
DA:28,11
DA:29,61
DA:31,693
DA:43,7
DA:50,0
DA:51,0
DA:52,0
DA:53,0
DA:54,0
DA:55,0
DA:56,0
DA:57,0
DA:58,0
DA:59,1
DA:68,0
DA:69,0
DA:70,0
DA:71,0
DA:72,0
DA:73,0
DA:74,0
DA:75,0
DA:76,0
DA:77,1
DA:83,0
LF:35
LH:16
end_of_record
TN:
SF:src/lib/pair-suggestions.ts
FNF:7
FNH:0
DA:13,51
DA:14,34
DA:15,33
DA:16,56
DA:17,47
DA:20,0
DA:21,0
DA:22,0
DA:23,1
DA:68,23
DA:69,14
DA:70,19
DA:71,9
DA:72,2
DA:78,0
DA:79,0
DA:80,0
DA:81,0
DA:82,1
DA:97,0
DA:98,0
DA:99,0
DA:100,0
DA:101,0
DA:102,0
DA:103,0
DA:104,0
DA:105,0
DA:106,0
DA:107,0
DA:108,0
DA:109,0
DA:110,0
DA:111,0
DA:112,0
DA:113,0
DA:114,0
DA:115,0
DA:116,0
DA:117,0
DA:118,0
DA:119,0
DA:120,0
DA:121,0
DA:122,0
DA:123,0
DA:124,0
DA:125,0
DA:126,0
DA:127,0
DA:128,0
DA:129,0
DA:130,0
DA:131,0
DA:132,0
DA:133,1
DA:140,0
DA:141,0
DA:142,0
DA:143,0
DA:144,0
DA:145,0
DA:146,0
DA:147,0
DA:148,0
DA:149,0
DA:150,0
DA:151,0
DA:152,0
DA:153,0
DA:154,0
DA:155,0
DA:156,1
DA:164,0
DA:165,0
DA:166,0
DA:167,0
DA:168,0
DA:169,0
DA:170,0
DA:171,0
DA:172,0
DA:173,1
DA:195,39
DA:214,26
DA:215,97
DA:228,0
DA:229,0
DA:230,0
DA:231,0
DA:232,0
DA:233,0
DA:234,0
DA:235,0
DA:236,0
DA:237,0
DA:238,0
DA:239,0
DA:240,0
DA:241,0
DA:242,0
DA:243,0
DA:244,0
DA:245,0
DA:246,0
DA:247,0
DA:248,0
DA:249,0
DA:250,0
DA:251,0
DA:252,0
DA:253,0
DA:254,0
DA:255,0
DA:256,0
DA:257,0
DA:258,0
DA:259,0
DA:260,0
DA:264,0
DA:265,0
DA:266,0
DA:267,0
DA:268,0
DA:269,0
DA:270,0
DA:271,0
DA:272,0
DA:273,0
DA:274,0
DA:275,0
DA:276,0
DA:277,0
LF:133
LH:18
end_of_record
TN:
SF:src/lib/picker.ts
FNF:16
FNH:0
DA:75,0
DA:76,0
DA:77,0
DA:78,0
DA:79,0
DA:80,0
DA:81,0
DA:82,0
DA:83,0
DA:84,0
DA:85,0
DA:86,0
DA:87,25
DA:128,0
DA:129,0
DA:130,0
DA:131,0
DA:132,0
DA:133,0
DA:134,0
DA:135,0
DA:136,0
DA:137,0
DA:138,0
DA:139,0
DA:140,0
DA:141,0
DA:142,41
DA:149,116
DA:152,80
DA:154,90
DA:156,106
DA:159,108
DA:166,98
DA:174,80
DA:218,0
DA:219,0
DA:220,0
DA:221,0
DA:222,0
DA:223,0
DA:224,0
DA:225,0
DA:226,0
DA:227,0
DA:228,0
DA:229,0
DA:230,0
DA:231,0
DA:232,0
DA:233,0
DA:234,0
DA:235,0
DA:236,0
DA:237,0
DA:238,0
DA:239,0
DA:240,0
DA:241,0
DA:242,0
DA:243,0
DA:244,0
DA:245,0
DA:246,0
DA:247,0
DA:248,0
DA:249,0
DA:250,0
DA:251,0
DA:252,0
DA:253,0
DA:254,0
DA:255,0
DA:256,0
DA:257,0
DA:258,0
DA:259,0
DA:260,0
DA:261,0
DA:262,0
DA:263,0
DA:264,0
DA:265,0
DA:266,0
DA:267,0
DA:268,0
DA:269,0
DA:270,0
DA:271,0
DA:272,0
DA:273,0
DA:274,0
DA:275,0
DA:276,0
DA:277,0
DA:278,0
DA:279,0
DA:280,0
DA:281,0
DA:282,0
DA:283,0
DA:284,0
DA:285,0
DA:286,0
DA:287,0
DA:288,0
DA:289,0
DA:290,0
DA:291,0
DA:292,0
DA:293,0
DA:294,0
DA:295,0
DA:296,0
DA:297,0
DA:298,0
DA:299,0
DA:300,0
DA:301,0
DA:302,0
DA:303,0
DA:304,0
DA:305,0
DA:306,0
DA:307,0
DA:308,0
DA:309,0
DA:310,0
DA:311,0
DA:312,0
DA:313,0
DA:314,0
DA:315,0
DA:316,0
DA:317,0
DA:318,0
DA:319,0
DA:320,0
DA:321,0
DA:322,0
DA:323,0
DA:324,0
DA:325,0
DA:326,0
DA:327,0
DA:328,0
DA:329,0
DA:330,0
DA:331,0
DA:332,0
DA:333,0
DA:334,0
DA:335,0
DA:336,0
DA:337,0
DA:338,0
DA:339,0
DA:340,0
DA:341,0
DA:342,0
DA:343,0
DA:344,0
DA:345,0
DA:346,0
DA:347,0
DA:348,0
DA:349,0
DA:350,0
DA:351,0
DA:352,0
DA:353,0
DA:354,0
DA:355,0
DA:356,0
DA:357,0
DA:358,0
DA:359,0
DA:360,0
DA:361,0
DA:362,0
DA:363,0
DA:364,0
DA:365,0
DA:366,0
DA:367,0
DA:368,0
DA:369,0
DA:370,0
DA:371,0
DA:372,0
DA:373,0
DA:374,5
DA:384,72
DA:415,0
DA:416,0
DA:417,0
DA:418,0
DA:419,0
DA:420,0
DA:421,0
DA:422,0
DA:423,0
DA:424,0
DA:425,0
DA:426,0
DA:427,0
DA:428,0
DA:429,0
DA:430,0
DA:431,0
DA:432,0
DA:433,0
DA:434,0
DA:435,0
DA:436,0
DA:437,0
DA:438,0
DA:439,0
DA:440,0
DA:441,0
DA:442,0
DA:443,0
DA:444,0
DA:445,0
DA:446,0
DA:447,0
DA:448,0
DA:449,0
DA:450,0
DA:451,0
DA:452,0
DA:453,0
DA:454,0
DA:455,0
DA:456,0
DA:457,0
DA:458,0
DA:459,0
DA:460,0
DA:461,0
DA:462,0
DA:463,0
DA:464,0
DA:465,0
DA:466,0
DA:467,0
DA:468,0
DA:469,0
DA:470,0
DA:471,0
DA:472,0
DA:473,0
DA:474,0
DA:475,0
DA:476,0
DA:477,0
DA:478,0
DA:479,0
DA:480,0
DA:481,0
DA:482,0
DA:483,0
DA:484,0
DA:485,0
DA:486,0
DA:487,0
DA:488,0
DA:489,0
DA:490,0
DA:491,0
DA:492,0
DA:493,0
DA:494,0
DA:495,0
DA:496,0
DA:497,0
DA:498,0
DA:499,0
DA:500,0
DA:501,0
DA:502,0
DA:503,0
DA:504,0
DA:505,0
DA:506,0
DA:507,0
DA:508,0
DA:509,0
DA:510,0
DA:511,0
DA:512,0
DA:513,0
DA:514,0
DA:515,0
DA:516,0
DA:517,0
DA:518,0
DA:519,0
DA:520,0
DA:521,0
DA:522,0
DA:523,0
DA:524,0
DA:525,0
DA:526,0
DA:527,0
DA:528,0
DA:529,0
DA:530,0
DA:531,0
DA:532,0
DA:533,0
DA:534,0
DA:535,0
DA:536,0
DA:537,0
DA:538,0
DA:539,0
DA:540,0
DA:541,0
DA:542,0
DA:543,0
DA:544,0
DA:545,0
DA:546,0
DA:547,0
DA:548,0
DA:549,0
DA:550,0
DA:551,0
DA:552,0
DA:553,0
DA:554,0
DA:555,0
DA:556,0
DA:557,0
DA:558,0
DA:559,0
DA:560,0
DA:561,0
DA:562,0
DA:563,0
DA:564,0
DA:565,0
DA:566,0
DA:567,0
DA:568,0
DA:569,0
DA:570,0
DA:571,0
DA:572,0
DA:573,0
DA:574,0
DA:575,0
DA:576,0
DA:577,0
DA:578,0
DA:579,0
DA:580,0
DA:581,0
DA:582,0
DA:583,0
DA:584,0
DA:585,0
DA:586,0
DA:587,0
DA:588,0
DA:589,0
DA:590,0
DA:591,0
DA:592,0
DA:593,0
DA:594,0
DA:595,0
DA:596,0
DA:597,0
DA:598,0
DA:599,0
DA:600,0
DA:601,0
DA:602,0
DA:603,0
DA:604,0
DA:605,0
DA:606,0
DA:607,0
DA:608,0
DA:609,0
DA:610,0
DA:611,0
DA:612,0
DA:613,0
DA:614,0
DA:615,0
DA:616,0
DA:617,0
DA:618,0
DA:619,0
DA:620,0
DA:621,0
DA:622,0
DA:623,0
DA:624,0
DA:625,0
DA:626,0
DA:627,0
DA:628,0
DA:629,0
DA:630,0
DA:631,0
DA:632,0
DA:633,0
DA:634,0
DA:635,0
DA:636,0
DA:637,0
DA:638,0
DA:639,0
DA:640,0
DA:641,0
DA:642,0
DA:643,0
DA:644,0
DA:645,0
DA:646,0
DA:647,0
DA:648,0
DA:649,0
DA:650,0
DA:651,0
DA:652,0
DA:653,0
DA:654,0
DA:655,25
DA:671,0
DA:672,0
DA:673,0
DA:674,0
DA:675,0
DA:676,0
DA:677,0
DA:678,0
DA:679,0
DA:680,0
DA:681,0
DA:682,0
DA:683,0
DA:684,0
DA:685,0
DA:686,0
DA:687,0
DA:688,0
DA:689,0
DA:690,0
DA:691,4
DA:694,0
DA:695,0
DA:696,0
DA:697,0
DA:698,0
DA:699,0
DA:700,0
DA:701,0
DA:702,0
DA:703,0
DA:704,0
DA:705,0
DA:706,0
DA:707,0
DA:708,0
DA:709,0
DA:710,0
DA:711,0
DA:712,0
DA:713,0
DA:714,0
DA:715,0
DA:716,0
DA:717,0
DA:718,0
DA:719,0
DA:720,0
DA:721,0
DA:722,0
DA:723,0
DA:724,0
DA:725,0
DA:726,0
DA:727,0
DA:728,0
DA:729,0
DA:730,0
DA:731,0
DA:732,0
DA:733,0
DA:734,0
DA:735,0
DA:736,0
DA:737,0
DA:738,0
DA:739,0
DA:740,0
DA:741,0
DA:742,0
DA:743,0
DA:744,0
DA:745,0
DA:746,0
DA:747,0
DA:748,0
DA:749,0
DA:750,0
DA:751,0
DA:752,0
DA:753,0
DA:754,0
DA:755,0
DA:756,0
DA:757,0
DA:758,0
DA:759,0
DA:760,0
DA:761,0
DA:762,0
DA:763,0
DA:764,0
DA:765,0
DA:766,0
DA:767,0
DA:768,0
DA:769,0
DA:770,0
DA:771,0
DA:772,0
DA:773,0
DA:774,0
DA:775,0
DA:776,0
DA:777,0
DA:778,0
DA:779,0
DA:780,0
DA:781,0
DA:782,0
DA:783,0
DA:784,0
DA:785,0
DA:786,0
DA:787,49
DA:804,0
DA:805,0
DA:806,0
DA:807,0
DA:808,0
DA:809,0
DA:810,0
DA:811,0
DA:812,0
DA:813,0
DA:814,0
DA:815,0
DA:816,0
DA:817,0
DA:818,0
DA:819,0
DA:820,46
DA:829,98
DA:830,20
DA:831,26
DA:832,30
DA:833,36
DA:834,26
DA:835,25
DA:837,0
DA:838,0
DA:839,0
DA:840,0
DA:841,0
DA:842,0
DA:843,0
DA:844,0
DA:845,0
DA:846,0
DA:847,0
DA:848,0
DA:849,0
DA:850,0
DA:851,0
DA:852,0
DA:853,0
DA:854,0
DA:855,0
DA:856,0
DA:857,0
DA:858,0
DA:859,0
DA:860,0
DA:861,0
DA:862,0
DA:863,0
DA:864,0
DA:865,0
DA:866,0
DA:867,0
DA:868,0
DA:869,8
DA:872,0
DA:873,0
DA:874,0
DA:875,0
DA:876,0
DA:877,23
DA:880,0
DA:881,55
DA:889,0
DA:890,0
DA:891,0
DA:892,36
DA:896,0
DA:897,40
DA:902,0
DA:903,0
DA:904,0
DA:905,0
DA:906,0
DA:907,0
DA:908,0
DA:909,0
DA:910,0
DA:911,0
DA:912,0
DA:913,0
DA:914,0
DA:915,0
DA:916,0
DA:917,0
DA:918,0
DA:919,0
DA:920,0
DA:921,0
DA:922,0
DA:923,0
DA:924,0
DA:925,0
DA:926,0
DA:927,0
DA:928,0
DA:929,0
DA:930,0
DA:931,0
DA:932,0
DA:933,0
DA:934,0
DA:935,0
DA:936,0
DA:937,0
DA:938,0
DA:939,0
DA:940,0
DA:941,0
DA:942,0
DA:943,0
DA:944,0
DA:945,0
DA:946,0
DA:947,0
DA:948,0
DA:949,0
DA:950,0
DA:951,0
DA:952,0
DA:953,0
DA:954,0
DA:955,0
DA:956,0
DA:957,0
DA:958,0
DA:959,0
DA:960,0
DA:961,0
DA:962,0
DA:963,0
DA:964,0
DA:965,0
DA:966,0
DA:967,0
DA:968,0
DA:969,0
DA:970,0
DA:971,0
DA:972,0
DA:973,0
DA:974,0
DA:975,0
DA:976,0
DA:977,0
DA:978,0
DA:979,0
DA:980,0
DA:981,0
DA:982,0
DA:983,0
DA:984,27
DA:986,1
DA:988,0
DA:989,0
DA:990,0
DA:991,0
DA:992,0
DA:993,0
DA:994,0
DA:995,0
DA:996,0
DA:997,0
DA:998,17
DA:1006,0
DA:1007,0
DA:1008,34
DA:1012,0
DA:1013,0
DA:1014,0
DA:1015,0
DA:1016,0
DA:1017,0
DA:1018,0
DA:1019,0
DA:1020,0
DA:1021,0
DA:1022,0
DA:1023,0
DA:1024,0
DA:1025,0
DA:1026,0
DA:1027,0
DA:1028,0
DA:1029,0
DA:1030,0
DA:1031,0
DA:1032,0
DA:1033,0
DA:1034,0
DA:1035,0
DA:1036,0
DA:1037,0
DA:1038,0
DA:1039,0
DA:1040,0
DA:1041,0
DA:1042,0
DA:1043,0
DA:1044,0
DA:1045,0
DA:1046,0
DA:1047,0
DA:1048,0
DA:1049,0
DA:1050,0
DA:1051,0
DA:1052,0
DA:1053,0
DA:1054,0
DA:1055,0
DA:1056,0
DA:1057,0
DA:1058,0
DA:1059,0
DA:1060,0
DA:1061,0
DA:1062,0
DA:1063,0
DA:1064,0
DA:1065,0
DA:1066,0
DA:1067,0
DA:1068,0
DA:1069,0
DA:1070,0
DA:1071,0
DA:1072,0
DA:1073,0
DA:1074,0
DA:1075,0
DA:1076,0
DA:1077,0
DA:1078,0
DA:1079,0
DA:1080,0
DA:1081,0
DA:1082,0
DA:1083,0
DA:1084,0
DA:1085,0
DA:1086,0
DA:1087,0
DA:1088,0
DA:1089,0
DA:1090,0
DA:1091,0
DA:1092,0
DA:1093,0
DA:1094,0
DA:1095,0
DA:1096,0
DA:1097,0
DA:1098,0
DA:1099,0
DA:1100,0
DA:1101,0
DA:1102,0
DA:1103,0
DA:1104,0
DA:1105,0
DA:1106,0
DA:1107,0
DA:1108,0
DA:1109,0
DA:1110,0
DA:1111,0
DA:1112,0
DA:1113,0
DA:1114,0
DA:1115,0
DA:1116,0
DA:1117,0
DA:1118,0
DA:1119,0
DA:1120,0
DA:1121,0
DA:1122,0
DA:1123,0
DA:1124,0
DA:1125,0
DA:1126,0
DA:1127,0
DA:1128,0
DA:1129,0
DA:1130,0
DA:1131,0
DA:1132,0
DA:1133,0
DA:1134,0
DA:1135,0
DA:1136,0
DA:1137,0
DA:1138,0
DA:1139,0
DA:1140,0
DA:1141,0
DA:1142,0
DA:1143,0
DA:1144,0
DA:1145,0
DA:1146,0
DA:1147,0
DA:1148,0
DA:1149,0
DA:1150,0
DA:1151,0
DA:1152,0
DA:1153,0
DA:1154,0
DA:1155,0
DA:1156,0
DA:1157,0
DA:1158,0
DA:1159,0
DA:1160,0
DA:1161,0
DA:1162,0
DA:1163,0
DA:1164,0
DA:1165,0
DA:1166,0
DA:1167,0
DA:1168,0
DA:1169,0
DA:1170,0
DA:1171,0
DA:1172,0
DA:1173,0
DA:1174,0
DA:1175,0
DA:1176,0
DA:1177,0
DA:1178,0
DA:1179,0
DA:1180,0
DA:1181,0
DA:1182,0
DA:1183,0
DA:1184,37
LF:891
LH:32
end_of_record
TN:
SF:src/lib/picker/card.ts
FNF:6
FNH:0
DA:91,0
DA:92,0
DA:93,0
DA:94,0
DA:95,0
DA:96,0
DA:97,0
DA:98,0
DA:99,0
DA:100,0
DA:101,0
DA:102,0
DA:103,0
DA:104,0
DA:105,0
DA:106,0
DA:107,0
DA:108,0
DA:109,0
DA:110,0
DA:111,0
DA:112,0
DA:113,0
DA:114,0
DA:115,0
DA:116,0
DA:117,0
DA:118,0
DA:119,0
DA:120,0
DA:121,0
DA:122,0
DA:123,0
DA:124,0
DA:125,0
DA:126,0
DA:127,0
DA:128,0
DA:129,0
DA:130,0
DA:131,0
DA:132,0
DA:133,0
DA:134,0
DA:135,0
DA:136,0
DA:137,0
DA:138,0
DA:139,0
DA:140,0
DA:141,0
DA:142,0
DA:143,0
DA:144,0
DA:145,0
DA:146,0
DA:147,0
DA:148,0
DA:149,0
DA:150,0
DA:151,0
DA:152,0
DA:153,0
DA:154,0
DA:155,0
DA:156,0
DA:157,0
DA:158,0
DA:159,0
DA:160,0
DA:161,0
DA:162,0
DA:163,0
DA:164,0
DA:165,0
DA:166,0
DA:167,0
DA:168,0
DA:169,0
DA:170,0
DA:171,0
DA:172,0
DA:173,0
DA:174,0
DA:175,0
DA:176,0
DA:177,0
DA:178,0
DA:179,0
DA:180,0
DA:181,0
DA:182,0
DA:183,0
DA:184,0
DA:185,0
DA:186,0
DA:187,0
DA:188,0
DA:189,0
DA:190,0
DA:191,0
DA:192,0
DA:193,0
DA:194,0
DA:195,0
DA:196,0
DA:197,0
DA:198,0
DA:199,0
DA:200,0
DA:201,0
DA:202,0
DA:203,0
DA:204,0
DA:205,0
DA:206,0
DA:207,0
DA:208,0
DA:209,0
DA:210,0
DA:211,0
DA:212,0
DA:213,0
DA:214,0
DA:215,0
DA:216,0
DA:217,0
DA:218,0
DA:219,0
DA:220,0
DA:221,0
DA:222,0
DA:223,0
DA:224,0
DA:225,0
DA:226,25
DA:235,82
DA:236,28
DA:237,12
DA:238,24
DA:239,12
DA:240,28
DA:241,30
DA:243,41
DA:245,0
DA:246,0
DA:247,0
DA:248,0
DA:249,0
DA:250,0
DA:251,0
DA:252,0
DA:253,0
DA:254,0
DA:255,0
DA:256,0
DA:257,0
DA:258,0
DA:259,0
DA:260,0
DA:261,0
DA:262,0
DA:263,0
DA:264,0
DA:265,0
DA:266,0
DA:267,0
DA:268,0
DA:269,0
DA:270,0
DA:271,0
DA:272,0
DA:273,0
DA:274,0
DA:275,0
DA:276,0
DA:277,0
DA:278,0
DA:279,0
DA:280,0
DA:281,0
DA:282,0
DA:283,0
DA:284,0
DA:285,0
DA:286,0
DA:287,0
DA:288,0
DA:289,0
DA:290,0
DA:291,0
DA:292,0
DA:293,0
DA:294,0
DA:295,0
DA:296,0
DA:297,0
DA:298,0
DA:299,0
DA:300,0
DA:301,0
DA:302,0
DA:303,8
DA:308,0
DA:309,41
DA:312,0
DA:313,0
DA:314,0
DA:315,0
DA:316,48
DA:320,0
DA:321,0
DA:322,0
DA:323,19
DA:326,0
DA:327,0
DA:328,0
DA:329,0
DA:330,0
DA:331,0
DA:332,0
DA:333,0
DA:334,0
DA:335,0
DA:336,0
DA:337,0
DA:338,0
DA:339,0
DA:340,0
DA:341,0
DA:342,0
DA:343,0
DA:344,0
DA:345,8
DA:347,1
LF:235
LH:15
end_of_record
TN:
SF:src/lib/picker/categories.ts
FNF:1
FNH:0
DA:10,40
DA:11,18
DA:12,23
DA:13,22
DA:14,20
DA:15,13
DA:16,17
DA:17,8
DA:18,2
DA:20,30
DA:21,79
DA:22,103
DA:23,76
DA:24,107
DA:25,90
DA:26,70
DA:27,92
DA:28,95
DA:29,121
DA:30,89
DA:31,81
DA:32,81
DA:33,96
DA:34,117
DA:35,35
DA:36,97
DA:37,78
DA:38,56
DA:39,102
DA:40,79
DA:41,101
DA:42,51
DA:43,2
DA:46,0
LF:34
LH:33
end_of_record
TN:
SF:src/lib/picker/flow.ts
FNF:3
FNH:0
DA:10,36
DA:11,45
DA:12,33
DA:13,47
DA:14,55
DA:15,95
DA:16,78
DA:24,36
DA:25,84
DA:26,49
DA:27,77
DA:43,27
DA:49,0
DA:50,0
DA:51,1
DA:61,0
DA:62,0
DA:63,0
DA:64,0
DA:65,0
DA:66,0
DA:67,0
DA:68,0
DA:69,0
DA:70,0
DA:71,1
DA:74,0
DA:75,0
DA:76,0
DA:77,0
DA:78,0
DA:79,0
DA:80,0
DA:81,0
DA:82,0
DA:83,0
DA:84,0
DA:85,0
DA:86,0
DA:87,0
DA:88,0
DA:89,0
DA:90,0
DA:91,0
DA:92,0
DA:93,0
DA:94,0
DA:95,0
DA:96,0
DA:97,0
DA:98,0
DA:99,0
DA:100,0
DA:101,0
DA:102,0
DA:103,0
DA:104,0
DA:105,0
DA:106,0
DA:107,0
DA:108,0
DA:109,0
DA:110,0
DA:111,0
DA:112,0
DA:113,0
DA:114,0
DA:115,0
DA:116,0
DA:117,0
DA:118,0
DA:119,0
DA:120,0
DA:121,0
DA:122,0
DA:123,0
DA:124,0
DA:125,0
DA:126,0
DA:127,0
DA:128,0
DA:129,0
DA:130,0
DA:131,0
DA:132,0
DA:133,0
DA:134,0
DA:135,0
DA:136,0
DA:137,0
DA:138,0
DA:139,0
DA:140,0
DA:141,0
DA:142,0
DA:143,0
DA:144,0
DA:145,0
DA:146,0
DA:147,0
DA:148,0
DA:149,0
DA:150,0
DA:151,0
DA:152,0
DA:153,0
DA:154,0
DA:155,0
DA:156,0
DA:157,0
DA:158,0
DA:159,0
DA:160,0
DA:161,0
DA:162,0
DA:163,0
DA:164,0
DA:165,0
DA:166,0
DA:167,0
DA:168,0
DA:169,0
DA:170,0
DA:171,0
DA:172,0
DA:173,0
DA:174,0
DA:175,0
DA:176,0
DA:177,0
DA:178,0
DA:179,0
DA:180,0
DA:181,0
DA:182,0
DA:183,0
DA:184,0
DA:185,0
DA:186,0
DA:187,0
DA:188,0
DA:189,0
DA:190,0
DA:191,0
DA:192,0
DA:193,0
DA:194,0
DA:195,0
DA:196,0
DA:197,0
DA:198,0
DA:199,0
DA:200,0
DA:201,0
DA:202,0
DA:203,0
DA:204,0
DA:205,0
DA:206,0
DA:207,0
DA:208,0
DA:209,0
DA:210,0
DA:211,0
DA:212,0
DA:213,0
DA:214,0
DA:215,0
DA:216,0
DA:217,0
DA:218,0
DA:219,0
DA:220,0
DA:221,0
DA:222,0
DA:223,0
DA:224,0
DA:225,0
DA:226,0
DA:227,0
DA:228,0
DA:229,0
DA:230,0
DA:231,0
DA:232,0
DA:233,0
DA:234,0
DA:235,0
DA:236,0
DA:237,0
DA:238,0
DA:239,0
DA:240,0
DA:241,0
DA:242,0
DA:243,0
DA:244,0
DA:245,0
DA:246,0
DA:247,0
DA:248,0
DA:249,0
DA:250,0
DA:251,0
DA:252,0
DA:253,0
DA:254,0
DA:255,0
DA:256,0
DA:257,0
DA:258,0
DA:259,0
DA:260,0
DA:261,0
DA:262,0
DA:263,0
DA:264,0
DA:265,0
DA:266,0
DA:267,0
DA:268,0
DA:269,0
DA:270,0
DA:271,0
DA:272,0
DA:273,0
DA:274,0
DA:275,0
DA:276,0
DA:277,0
DA:278,0
LF:231
LH:14
end_of_record
TN:
SF:src/lib/picker/palette.ts
FNF:14
FNH:0
DA:139,0
DA:140,0
DA:141,0
DA:142,0
DA:143,0
DA:144,0
DA:145,0
DA:146,0
DA:147,0
DA:148,0
DA:149,0
DA:150,0
DA:151,0
DA:152,0
DA:153,0
DA:154,0
DA:155,0
DA:156,0
DA:157,0
DA:158,0
DA:159,0
DA:160,0
DA:161,0
DA:162,0
DA:163,0
DA:164,0
DA:165,0
DA:166,0
DA:167,0
DA:168,0
DA:169,0
DA:170,0
DA:171,0
DA:172,0
DA:173,0
DA:174,0
DA:175,0
DA:176,0
DA:177,0
DA:178,0
DA:179,0
DA:180,0
DA:181,0
DA:182,0
DA:183,0
DA:184,0
DA:185,0
DA:186,0
DA:187,0
DA:188,0
DA:189,0
DA:190,0
DA:191,0
DA:192,0
DA:193,0
DA:194,0
DA:195,15
DA:204,0
DA:205,0
DA:206,0
DA:207,0
DA:208,0
DA:209,0
DA:210,0
DA:211,0
DA:212,0
DA:213,0
DA:214,0
DA:215,0
DA:216,0
DA:217,0
DA:218,0
DA:219,0
DA:220,0
DA:221,0
DA:222,0
DA:223,0
DA:224,0
DA:225,16
DA:234,0
DA:235,0
DA:236,0
DA:237,0
DA:238,0
DA:239,0
DA:240,0
DA:241,0
DA:242,0
DA:243,0
DA:244,0
DA:245,60
DA:255,0
DA:256,0
DA:257,0
DA:258,0
DA:259,0
DA:260,0
DA:261,0
DA:262,0
DA:263,0
DA:264,0
DA:265,0
DA:266,0
DA:267,0
DA:268,0
DA:269,0
DA:270,0
DA:271,0
DA:272,0
DA:273,0
DA:274,0
DA:275,0
DA:276,0
DA:277,0
DA:278,0
DA:279,0
DA:280,0
DA:281,0
DA:282,0
DA:283,0
DA:284,0
DA:285,0
DA:286,0
DA:287,0
DA:288,0
DA:289,0
DA:290,0
DA:291,0
DA:292,0
DA:293,0
DA:294,0
DA:295,0
DA:296,0
DA:297,0
DA:298,0
DA:299,0
DA:300,0
DA:301,0
DA:302,0
DA:303,0
DA:304,0
DA:305,0
DA:306,0
DA:307,0
DA:308,0
DA:309,0
DA:310,0
DA:311,0
DA:312,0
DA:313,0
DA:314,0
DA:315,0
DA:316,0
DA:317,0
DA:318,0
DA:319,0
DA:320,0
DA:321,0
DA:322,0
DA:323,0
DA:324,0
DA:325,0
DA:326,0
DA:327,0
DA:328,0
DA:329,0
DA:330,0
DA:331,0
DA:332,0
DA:333,0
DA:334,0
DA:335,0
DA:336,0
DA:337,0
DA:338,0
DA:339,0
DA:340,0
DA:341,0
DA:342,0
DA:343,0
DA:344,0
DA:345,0
DA:346,0
DA:347,0
DA:348,0
DA:349,0
DA:350,0
DA:351,0
DA:352,0
DA:353,0
DA:354,0
DA:355,0
DA:356,0
DA:357,0
DA:358,0
DA:359,0
DA:360,0
DA:361,0
DA:362,0
DA:363,0
DA:364,0
DA:365,0
DA:366,0
DA:367,0
DA:368,0
DA:369,0
DA:370,0
DA:371,0
DA:372,0
DA:373,0
DA:374,0
DA:375,0
DA:376,0
DA:377,0
DA:378,0
DA:379,0
DA:380,0
DA:381,0
DA:382,0
DA:383,0
DA:384,0
DA:385,0
DA:386,0
DA:387,0
DA:388,0
DA:389,0
DA:390,0
DA:391,0
DA:392,0
DA:393,0
DA:394,0
DA:395,0
DA:396,0
DA:397,24
DA:401,0
DA:402,0
DA:403,0
DA:404,0
DA:405,0
DA:406,0
DA:407,0
DA:408,0
DA:409,0
DA:410,0
DA:411,0
DA:412,0
DA:413,0
DA:414,0
DA:415,0
DA:416,0
DA:417,0
DA:418,0
DA:419,0
DA:420,0
DA:421,0
DA:422,0
DA:423,0
DA:424,0
DA:425,0
DA:426,0
DA:427,0
DA:428,0
DA:429,0
DA:430,0
DA:431,0
DA:432,0
DA:433,0
DA:434,0
DA:435,0
DA:436,0
DA:437,0
DA:438,0
DA:439,0
DA:440,0
DA:441,0
DA:442,0
DA:443,0
DA:444,0
DA:445,0
DA:446,0
DA:447,0
DA:448,0
DA:449,0
DA:450,0
DA:451,0
DA:452,0
DA:453,0
DA:454,0
DA:455,0
DA:456,0
DA:457,0
DA:458,0
DA:459,0
DA:460,0
DA:461,0
DA:462,0
DA:463,0
DA:464,0
DA:465,0
DA:466,0
DA:467,0
DA:468,0
DA:469,0
DA:470,96
DA:478,98
DA:479,14
DA:480,16
DA:481,26
DA:482,22
DA:483,20
DA:484,30
DA:485,42
DA:488,27
DA:490,0
DA:491,0
DA:492,0
DA:493,0
DA:494,0
DA:495,0
DA:496,0
DA:497,0
DA:498,0
DA:499,0
DA:500,0
DA:501,0
DA:502,0
DA:503,0
DA:504,0
DA:505,0
DA:506,0
DA:507,0
DA:508,0
DA:509,0
DA:510,0
DA:511,0
DA:512,0
DA:513,0
DA:514,0
DA:515,0
DA:516,0
DA:517,0
DA:518,0
DA:519,0
DA:520,0
DA:521,0
DA:522,0
DA:523,0
DA:524,0
DA:525,0
DA:526,0
DA:527,0
DA:528,0
DA:529,0
DA:530,0
DA:531,0
DA:532,0
DA:533,0
DA:534,0
DA:535,0
DA:536,0
DA:537,0
DA:538,0
DA:539,0
DA:540,0
DA:541,0
DA:542,0
DA:543,0
DA:544,0
DA:545,0
DA:546,0
DA:547,0
DA:548,0
DA:549,0
DA:550,0
DA:551,0
DA:552,0
DA:553,0
DA:554,0
DA:555,0
DA:556,0
DA:557,0
DA:558,0
DA:559,0
DA:560,0
DA:561,0
DA:562,0
DA:563,8
DA:567,0
DA:568,47
DA:571,0
DA:572,0
DA:573,0
DA:574,70
DA:577,0
DA:578,0
DA:579,76
DA:582,0
DA:583,0
DA:584,0
DA:585,0
DA:586,0
DA:587,0
DA:588,0
DA:589,0
DA:590,0
DA:591,23
DA:594,0
DA:595,80
DA:599,0
DA:600,43
DA:603,0
DA:604,0
DA:605,0
DA:606,0
DA:607,0
DA:608,36
DA:611,0
DA:612,0
DA:613,0
DA:614,0
DA:615,0
DA:616,0
DA:617,0
DA:618,0
DA:619,0
DA:620,0
DA:621,0
DA:622,0
DA:623,0
DA:624,0
DA:625,0
DA:626,0
DA:627,0
DA:628,0
DA:629,0
DA:630,8
DA:632,1
LF:437
LH:24
end_of_record
TN:
SF:src/lib/picker/render-util.ts
FNF:5
FNH:0
DA:15,0
DA:16,0
DA:17,0
DA:18,1
DA:26,0
DA:27,0
DA:28,0
DA:29,1
DA:39,0
DA:40,0
DA:41,0
DA:42,0
DA:43,0
DA:44,0
DA:45,0
DA:46,0
DA:47,0
DA:48,0
DA:49,0
DA:50,0
DA:51,0
DA:52,0
DA:53,0
DA:54,0
DA:55,0
DA:56,0
DA:57,0
DA:58,0
DA:59,0
DA:60,0
DA:61,0
DA:62,0
DA:63,1
DA:71,0
DA:72,0
DA:73,0
DA:74,0
DA:75,0
DA:76,0
DA:77,0
DA:78,0
DA:79,0
DA:80,0
DA:81,0
DA:82,1
DA:94,0
DA:95,0
DA:96,0
DA:97,0
DA:98,0
DA:99,0
DA:100,0
DA:101,0
DA:102,0
DA:103,0
DA:104,0
DA:105,0
DA:106,0
DA:107,0
DA:108,0
DA:109,0
LF:61
LH:4
end_of_record
TN:
SF:src/lib/picker/selector.ts
FNF:2
FNH:1
DA:9,43
DA:12,65
DA:19,55
DA:21,38
DA:34,16
DA:35,17
DA:36,30
DA:37,42
DA:38,100
DA:39,2
DA:40,2
DA:41,11
DA:48,0
DA:49,0
LF:14
LH:12
end_of_record
TN:
SF:src/lib/picker/tally.ts
FNF:5
FNH:0
DA:9,50
DA:39,79
DA:45,0
DA:46,0
DA:47,0
DA:48,0
DA:49,0
DA:50,0
DA:51,0
DA:52,0
DA:53,0
DA:54,1
DA:58,0
DA:59,0
DA:60,0
DA:61,0
DA:62,0
DA:63,0
DA:64,0
DA:65,0
DA:66,0
DA:67,0
DA:68,0
DA:69,1
DA:78,0
DA:79,0
DA:80,0
DA:81,0
DA:82,0
DA:83,0
DA:84,0
DA:85,0
DA:86,0
DA:87,0
DA:88,0
DA:89,1
DA:95,40
DA:102,0
DA:103,0
DA:104,0
DA:105,0
DA:106,0
DA:107,0
DA:108,1
DA:116,0
DA:117,0
DA:118,0
DA:119,0
DA:120,0
DA:121,0
DA:122,0
DA:123,0
DA:124,0
LF:53
LH:7
end_of_record
TN:
SF:src/lib/picker/ui.ts
FNF:20
FNH:0
DA:13,38
DA:14,58
DA:17,19
DA:19,33
DA:22,0
DA:23,1
DA:27,0
DA:28,1
DA:32,0
DA:33,1
DA:39,0
DA:40,0
DA:41,1
DA:52,33
DA:55,0
DA:56,1
DA:61,0
DA:62,1
DA:71,0
DA:72,0
DA:73,0
DA:74,0
DA:75,0
DA:76,0
DA:77,0
DA:78,0
DA:79,0
DA:80,0
DA:81,0
DA:82,0
DA:83,1
DA:88,0
DA:89,0
DA:90,0
DA:91,0
DA:92,1
DA:96,0
DA:97,1
DA:105,0
DA:106,0
DA:107,0
DA:108,0
DA:109,0
DA:110,1
DA:118,0
DA:119,0
DA:120,0
DA:121,0
DA:122,1
DA:130,0
DA:131,0
DA:132,1
DA:143,0
DA:144,0
DA:145,0
DA:146,0
DA:147,0
DA:148,0
DA:149,0
DA:150,0
DA:151,0
DA:152,0
DA:153,0
DA:154,0
DA:155,1
DA:159,0
DA:160,1
DA:165,39
DA:172,0
DA:173,0
DA:174,0
DA:175,0
DA:176,0
DA:177,0
DA:178,0
DA:179,1
DA:184,0
DA:185,0
DA:186,0
DA:187,1
DA:194,0
DA:195,0
DA:196,0
DA:197,0
DA:198,0
DA:199,0
DA:200,1
DA:208,0
DA:209,0
DA:210,1
DA:214,0
DA:215,0
DA:216,0
DA:217,0
LF:94
LH:24
end_of_record
TN:
SF:src/lib/profile-conflicts.ts
FNF:2
FNH:0
DA:21,0
DA:22,0
DA:23,0
DA:24,0
DA:25,0
DA:26,0
DA:27,0
DA:28,0
DA:29,0
DA:30,0
DA:31,0
DA:32,0
DA:33,1
DA:42,0
DA:43,0
DA:44,0
DA:45,0
DA:46,0
DA:47,0
DA:48,0
DA:49,0
DA:50,0
LF:22
LH:1
end_of_record
TN:
SF:src/lib/profile-loader.ts
FNF:42
FNH:38
DA:15,60
DA:17,33
DA:19,22
DA:20,42
DA:22,52
DA:24,135
DA:47,32
DA:50,65
DA:58,6
DA:59,51
DA:66,21
DA:68,5
DA:76,37
DA:77,58
DA:78,40
DA:79,78
DA:80,35
DA:81,17
DA:97,10
DA:98,57
DA:103,9
DA:106,34
DA:107,44
DA:108,44
DA:109,55
DA:110,24
DA:111,9
DA:112,6
DA:113,57
DA:115,47
DA:116,0
DA:117,0
DA:118,0
DA:119,0
DA:120,0
DA:121,0
DA:122,0
DA:123,0
DA:124,0
DA:127,0
DA:128,0
DA:129,0
DA:130,0
DA:131,0
DA:132,0
DA:133,0
DA:136,6
DA:137,9
DA:138,18
DA:139,12
DA:140,11
DA:141,12
DA:149,9
DA:150,37
DA:151,33
DA:152,31
DA:153,2
DA:155,11
DA:156,9
DA:157,38
DA:158,0
DA:161,2
DA:164,13
DA:165,9
DA:166,28
DA:167,17
DA:168,39
DA:169,9
DA:170,30
DA:171,47
DA:172,5
DA:173,4
DA:176,75
DA:177,0
DA:178,0
DA:179,0
DA:180,2
DA:182,27
DA:186,37
DA:187,4
DA:188,22
DA:189,33
DA:190,29
DA:191,26
DA:192,32
DA:193,0
DA:194,0
DA:195,0
DA:196,0
DA:197,0
DA:198,0
DA:200,0
DA:201,0
DA:202,2
DA:206,42
DA:207,43
DA:208,45
DA:209,55
DA:210,0
DA:211,0
DA:212,0
DA:213,0
DA:214,0
DA:215,4
DA:216,2
DA:217,2
DA:219,40
DA:220,27
DA:221,26
DA:222,6
DA:223,21
DA:224,1
DA:225,2
DA:227,25
DA:230,31
DA:231,39
DA:232,9
DA:233,33
DA:234,82
DA:235,5
DA:236,2
DA:237,2
DA:239,14
DA:250,9
DA:251,51
DA:252,32
DA:253,20
DA:254,40
DA:255,34
DA:256,13
DA:262,9
DA:263,49
DA:264,0
DA:265,0
DA:266,0
DA:267,0
DA:273,9
DA:274,49
DA:275,1
DA:282,49
DA:289,11
DA:290,11
DA:291,27
DA:292,81
DA:293,2
DA:294,11
DA:298,1
DA:299,8
DA:300,7
DA:301,3
DA:302,23
DA:303,17
DA:304,55
DA:305,24
DA:306,18
DA:307,16
DA:308,2
DA:309,2
DA:310,10
DA:318,1
DA:319,8
DA:320,7
DA:321,3
DA:322,23
DA:323,57
DA:324,56
DA:325,25
DA:335,1
DA:336,8
DA:337,7
DA:338,3
DA:339,25
DA:340,61
DA:341,60
DA:342,27
DA:350,1
DA:351,8
DA:352,7
DA:353,3
DA:354,58
DA:355,12
DA:356,54
DA:357,44
DA:358,1
DA:361,1
DA:362,8
DA:363,7
DA:364,3
DA:365,42
DA:374,1
DA:375,8
DA:376,7
DA:377,3
DA:378,40
DA:379,0
DA:380,0
DA:381,0
DA:382,0
DA:383,0
DA:384,1
DA:387,47
DA:404,9
DA:405,24
DA:406,19
DA:407,21
DA:409,20
DA:410,40
DA:411,52
DA:412,4
DA:413,29
DA:415,50
DA:416,24
DA:419,38
DA:420,35
DA:422,30
DA:423,43
DA:424,36
DA:425,0
DA:426,8
DA:427,68
DA:428,37
DA:429,6
DA:431,28
DA:432,27
DA:433,39
DA:434,30
DA:435,35
DA:436,29
DA:437,29
DA:438,8
DA:439,6
DA:440,6
DA:442,50
DA:443,54
DA:444,0
DA:445,6
DA:446,17
DA:447,4
DA:449,61
DA:450,2
DA:453,55
DA:454,46
DA:455,2
DA:458,22
DA:462,11
DA:463,23
DA:465,0
DA:466,0
DA:467,0
DA:468,0
DA:469,2
DA:472,59
DA:474,42
DA:475,27
DA:476,13
DA:478,23
DA:479,37
DA:480,35
DA:481,50
DA:484,38
DA:485,62
DA:487,47
DA:489,54
DA:492,29
DA:493,12
DA:494,12
DA:495,8
DA:499,31
DA:500,52
DA:501,22
DA:502,10
DA:503,32
DA:504,8
DA:505,25
DA:506,13
DA:507,38
DA:508,8
DA:509,40
DA:510,58
DA:511,67
DA:512,58
DA:513,70
DA:516,44
DA:520,89
DA:521,70
DA:522,79
DA:523,58
DA:524,73
DA:525,73
DA:526,70
DA:529,89
DA:530,78
DA:531,59
DA:532,4
DA:533,2
DA:536,33
DA:537,48
DA:538,2
DA:540,10
DA:544,14
DA:545,12
DA:546,17
DA:547,31
DA:548,17
DA:549,27
DA:550,19
DA:551,35
DA:552,25
DA:553,31
DA:554,49
DA:555,25
DA:556,15
DA:557,60
DA:558,33
DA:559,6
DA:560,46
DA:561,55
DA:562,28
DA:563,30
DA:564,36
DA:565,30
DA:566,38
DA:567,29
DA:568,51
DA:569,38
DA:570,44
DA:571,30
DA:572,40
DA:573,40
DA:574,38
DA:575,59
DA:576,49
DA:577,25
DA:578,2
DA:592,19
DA:593,81
DA:594,28
DA:595,23
DA:596,20
DA:597,55
DA:598,1
DA:599,2
DA:605,23
DA:606,20
DA:607,30
DA:608,36
DA:609,19
DA:610,20
DA:611,2
DA:612,14
DA:616,19
DA:617,74
DA:637,21
DA:638,23
DA:639,0
DA:640,2
DA:641,28
DA:643,24
DA:644,15
DA:645,19
DA:646,59
DA:647,40
DA:648,55
DA:650,43
DA:651,67
DA:655,62
DA:658,34
DA:659,29
DA:660,24
DA:661,73
DA:662,25
DA:663,31
DA:664,25
DA:665,27
DA:666,33
DA:667,27
DA:668,35
DA:669,57
DA:670,41
DA:671,6
DA:672,35
DA:673,41
DA:674,27
DA:675,37
DA:676,37
DA:677,35
DA:680,47
DA:681,45
DA:682,53
DA:683,4
DA:685,42
DA:686,26
DA:687,68
DA:688,41
DA:689,6
DA:690,13
DA:691,21
DA:692,35
DA:693,34
DA:694,49
DA:695,37
DA:696,61
DA:699,29
DA:700,53
DA:701,60
DA:702,26
DA:703,17
DA:704,68
DA:705,56
DA:706,8
DA:707,49
DA:708,58
DA:709,39
DA:710,57
DA:711,66
DA:712,57
DA:713,69
DA:714,77
DA:715,69
DA:716,78
DA:717,57
DA:718,72
DA:719,72
DA:720,69
DA:721,87
DA:722,70
DA:723,80
DA:724,4
DA:725,2
DA:727,28
DA:728,0
DA:729,2
DA:730,11
DA:746,14
DA:747,43
DA:748,28
DA:749,56
DA:750,23
DA:751,2
DA:752,22
DA:753,30
DA:754,52
DA:755,34
DA:756,2
DA:761,48
DA:769,10
DA:770,14
DA:771,9
DA:772,66
DA:773,0
DA:774,2
DA:777,19
DA:778,33
DA:779,42
DA:780,78
DA:781,57
DA:782,27
DA:783,2
DA:784,2
DA:789,92
DA:790,55
DA:791,9
DA:792,69
DA:793,0
DA:794,5
DA:795,30
DA:796,0
DA:797,0
DA:798,0
DA:799,0
DA:800,0
DA:801,0
DA:802,0
DA:803,0
DA:804,0
DA:805,0
DA:806,1
DA:807,9
DA:809,15
DA:810,13
DA:818,0
DA:819,0
DA:820,0
DA:821,0
DA:822,0
DA:823,0
DA:824,0
DA:825,0
DA:826,0
DA:827,0
LF:490
LH:418
end_of_record
TN:
SF:src/lib/profile-match-llm.ts
FNF:13
FNH:0
DA:26,43
DA:27,41
DA:28,120
DA:29,53
DA:30,41
DA:32,52
DA:33,42
DA:37,24
DA:44,32
DA:47,28
DA:50,20
DA:53,30
DA:76,0
DA:77,0
DA:81,0
DA:82,1
DA:92,0
DA:93,0
DA:94,0
DA:95,0
DA:96,0
DA:97,0
DA:98,0
DA:99,0
DA:100,0
DA:101,0
DA:111,0
DA:112,0
DA:113,0
DA:114,0
DA:115,0
DA:116,0
DA:117,0
DA:118,0
DA:119,0
DA:120,0
DA:125,0
DA:126,0
DA:127,0
DA:128,0
DA:129,0
DA:130,0
DA:131,0
DA:132,0
DA:133,0
DA:140,0
DA:141,0
DA:142,0
DA:143,0
DA:144,0
DA:145,0
DA:146,0
DA:147,0
DA:148,0
DA:149,0
DA:150,0
DA:151,0
DA:152,0
DA:153,1
DA:165,0
DA:166,0
DA:167,0
DA:168,0
DA:169,0
DA:170,0
DA:171,0
DA:172,0
DA:173,0
DA:174,0
DA:175,0
DA:176,0
DA:177,0
DA:178,0
DA:179,0
DA:180,0
DA:181,0
DA:182,0
DA:183,0
DA:184,0
DA:185,0
DA:186,0
DA:187,0
DA:188,0
DA:189,0
DA:190,0
DA:191,0
DA:192,0
DA:193,0
DA:194,0
DA:195,0
DA:196,0
DA:197,0
DA:198,0
DA:199,0
DA:200,0
DA:201,0
DA:202,0
DA:203,0
DA:204,1
DA:212,0
DA:213,0
DA:214,0
DA:215,0
DA:216,0
DA:217,0
DA:218,0
DA:219,0
DA:220,0
DA:221,0
DA:222,0
DA:223,0
DA:224,0
DA:225,0
DA:226,0
DA:227,0
DA:228,0
DA:229,0
DA:241,0
DA:242,0
DA:243,0
DA:244,0
DA:245,0
DA:246,0
DA:247,0
DA:248,0
DA:249,0
DA:250,0
DA:251,0
DA:252,0
DA:253,0
DA:254,1
DA:260,0
DA:261,0
DA:262,0
DA:263,0
DA:264,0
DA:265,0
DA:266,0
DA:267,0
DA:268,0
DA:269,0
DA:270,0
DA:271,0
DA:272,0
DA:273,0
DA:274,0
DA:275,0
DA:276,0
DA:277,0
DA:278,0
DA:279,0
DA:280,0
DA:281,0
DA:282,0
DA:283,0
DA:284,0
DA:285,0
DA:286,0
DA:287,0
DA:288,0
DA:289,0
DA:290,0
DA:291,0
DA:292,0
DA:293,0
DA:294,0
DA:295,0
DA:296,0
DA:297,0
DA:298,0
DA:299,0
DA:300,0
DA:301,0
DA:302,0
DA:303,0
DA:304,1
DA:308,0
DA:309,0
DA:310,1
DA:322,0
DA:323,0
DA:324,0
DA:325,0
DA:326,0
DA:327,0
DA:328,0
DA:329,0
DA:330,0
DA:331,0
DA:332,0
DA:333,0
DA:334,0
DA:335,0
DA:352,0
DA:353,0
DA:354,0
DA:355,0
DA:356,0
DA:357,0
DA:358,0
DA:359,0
DA:360,0
DA:361,0
DA:362,0
DA:363,0
DA:364,0
DA:365,0
DA:366,0
DA:367,0
DA:368,0
DA:369,0
DA:370,0
DA:371,0
DA:372,0
DA:373,0
DA:374,0
DA:375,0
DA:376,0
DA:377,0
DA:378,0
DA:379,0
DA:380,0
DA:381,0
DA:382,0
LF:224
LH:18
end_of_record
TN:
SF:src/lib/profile-match.ts
FNF:12
FNH:0
DA:33,64
DA:34,34
DA:35,33
DA:37,42
DA:39,43
DA:42,26
DA:43,10
DA:44,17
DA:45,9
DA:46,13
DA:47,9
DA:48,2
DA:51,27
DA:53,16
DA:55,14
DA:57,12
DA:63,11
DA:64,2
DA:84,37
DA:87,39
DA:95,32
DA:98,38
DA:108,37
DA:110,89
DA:111,90
DA:112,84
DA:113,83
DA:114,81
DA:115,81
DA:116,85
DA:117,82
DA:118,71
DA:121,84
DA:122,86
DA:123,81
DA:126,87
DA:127,3
DA:130,23
DA:131,24
DA:132,17
DA:133,17
DA:134,26
DA:135,28
DA:136,17
DA:137,24
DA:138,15
DA:139,43
DA:140,43
DA:141,27
DA:142,33
DA:143,38
DA:144,34
DA:145,34
DA:146,37
DA:147,36
DA:148,2
DA:158,124
DA:161,104
DA:171,41
DA:172,83
DA:173,84
DA:174,87
DA:175,84
DA:176,77
DA:177,79
DA:178,3
DA:186,106
DA:189,23
DA:190,34
DA:191,23
DA:192,31
DA:193,33
DA:194,29
DA:195,27
DA:196,38
DA:197,46
DA:198,47
DA:199,38
DA:200,33
DA:201,45
DA:202,45
DA:203,52
DA:204,52
DA:205,53
DA:206,41
DA:207,41
DA:208,48
DA:209,45
DA:210,44
DA:211,49
DA:212,63
DA:213,38
DA:214,40
DA:215,42
DA:216,50
DA:217,35
DA:218,2
DA:232,69
DA:263,34
DA:264,10
DA:265,0
DA:266,0
DA:267,0
DA:268,0
DA:269,3
DA:272,0
DA:273,0
DA:274,0
DA:275,0
DA:276,1
DA:279,1
DA:281,0
DA:282,1
DA:285,0
DA:289,0
DA:290,0
DA:291,0
DA:292,0
DA:293,0
DA:294,1
DA:303,0
DA:304,0
DA:305,0
DA:306,0
DA:307,0
DA:308,0
DA:309,0
DA:310,0
DA:311,0
DA:312,0
DA:313,0
DA:314,0
DA:315,0
DA:316,0
DA:317,0
DA:318,0
DA:319,0
DA:320,0
DA:321,0
DA:322,0
DA:323,0
DA:324,0
DA:325,0
DA:326,0
DA:327,0
DA:328,0
DA:329,0
DA:330,0
DA:331,0
DA:332,0
DA:333,0
DA:334,0
DA:335,0
DA:336,0
DA:337,0
DA:338,0
DA:339,0
DA:340,0
DA:341,0
DA:342,0
DA:343,0
DA:344,0
DA:345,0
DA:346,0
DA:347,0
DA:348,0
DA:349,0
DA:350,0
DA:351,0
DA:352,0
DA:353,0
DA:364,0
DA:365,0
DA:366,0
DA:367,0
DA:368,0
DA:369,0
DA:370,0
DA:371,0
DA:372,0
DA:373,0
DA:374,0
DA:375,0
DA:376,0
DA:377,0
DA:378,0
DA:379,0
DA:380,0
DA:381,0
DA:382,0
DA:383,0
DA:384,0
DA:385,0
DA:386,0
DA:387,0
DA:388,0
DA:389,0
DA:390,0
DA:391,0
DA:392,0
DA:393,0
DA:394,0
DA:395,0
DA:396,0
DA:397,0
DA:398,0
DA:399,0
DA:400,0
DA:401,0
DA:402,0
DA:403,0
DA:404,0
DA:405,0
DA:406,0
DA:407,0
DA:408,0
DA:409,0
DA:410,0
DA:411,0
DA:412,0
DA:413,0
DA:414,0
DA:415,0
DA:416,0
DA:417,0
DA:418,0
DA:419,0
DA:420,0
DA:421,0
DA:422,0
DA:423,0
DA:424,0
DA:425,0
DA:426,0
DA:427,0
DA:428,0
DA:429,0
DA:430,0
DA:431,0
DA:432,0
DA:433,0
DA:434,0
DA:435,0
DA:436,0
DA:437,0
DA:438,0
DA:439,0
DA:440,0
DA:441,0
DA:442,1
DA:452,0
DA:453,0
DA:454,0
DA:455,0
DA:456,0
DA:457,0
DA:458,0
DA:459,0
DA:460,0
DA:461,0
DA:462,0
DA:463,0
DA:464,0
DA:465,0
DA:466,0
DA:467,0
DA:468,0
DA:469,0
DA:470,0
DA:471,0
DA:472,0
DA:473,0
DA:474,0
DA:475,0
DA:476,0
DA:477,0
DA:478,0
DA:479,0
DA:480,0
DA:481,0
DA:482,0
DA:483,0
DA:484,0
DA:485,0
DA:486,0
DA:487,0
DA:488,0
DA:489,0
DA:490,0
DA:491,0
DA:492,0
DA:493,0
DA:494,0
DA:495,0
DA:496,0
DA:497,0
DA:498,0
DA:499,0
DA:500,0
DA:501,0
DA:502,0
DA:503,0
DA:504,0
DA:505,0
DA:506,0
DA:507,0
DA:508,0
DA:509,0
DA:510,0
DA:511,0
DA:512,0
DA:513,0
DA:514,0
DA:515,0
DA:516,0
DA:517,0
DA:518,1
DA:527,0
DA:528,0
DA:529,0
DA:530,0
DA:531,0
DA:532,0
DA:533,0
DA:534,0
DA:535,0
DA:536,0
DA:537,0
DA:538,0
DA:539,0
DA:540,0
DA:541,0
DA:542,0
DA:543,0
DA:544,0
DA:545,0
DA:546,0
DA:547,0
DA:548,0
DA:549,0
DA:550,0
DA:551,0
DA:552,0
DA:553,0
DA:554,0
DA:555,0
DA:556,0
DA:557,0
DA:558,0
DA:559,0
DA:560,0
DA:561,0
DA:562,0
DA:563,0
DA:564,0
DA:565,0
DA:566,0
DA:567,0
DA:568,0
DA:569,0
DA:570,0
DA:571,0
DA:572,0
DA:573,0
DA:574,0
DA:575,0
DA:576,0
DA:577,0
DA:578,0
DA:579,0
DA:580,0
DA:581,0
DA:582,0
DA:583,0
DA:584,0
DA:585,0
DA:586,0
DA:587,0
DA:588,0
DA:589,0
DA:590,1
DA:610,0
DA:611,0
DA:612,0
DA:613,0
DA:614,0
DA:615,0
DA:616,0
DA:617,0
DA:618,0
DA:619,0
DA:620,1
DA:629,0
DA:630,0
DA:631,0
DA:632,0
DA:633,0
DA:634,0
LF:398
LH:109
end_of_record
TN:
SF:src/lib/project-brief.ts
FNF:17
FNH:0
DA:20,41
DA:21,64
DA:22,33
DA:65,28
DA:66,0
DA:67,0
DA:68,0
DA:69,0
DA:70,3
DA:73,0
DA:74,0
DA:75,0
DA:76,0
DA:77,3
DA:80,0
DA:81,0
DA:82,0
DA:83,0
DA:84,3
DA:87,0
DA:88,0
DA:89,0
DA:90,0
DA:91,0
DA:92,0
DA:93,1
DA:96,2
DA:99,31
DA:100,87
DA:101,82
DA:102,79
DA:103,87
DA:104,3
DA:107,28
DA:115,26
DA:116,75
DA:117,78
DA:118,74
DA:119,71
DA:120,2
DA:122,24
DA:124,32
DA:126,36
DA:129,24
DA:130,43
DA:131,34
DA:132,35
DA:133,69
DA:134,35
DA:135,2
DA:138,24
DA:139,39
DA:140,30
DA:141,38
DA:142,33
DA:143,2
DA:150,0
DA:151,0
DA:152,0
DA:153,0
DA:154,0
DA:155,0
DA:156,0
DA:157,0
DA:158,0
DA:159,0
DA:160,0
DA:161,0
DA:162,0
DA:163,0
DA:164,0
DA:165,0
DA:166,0
DA:167,0
DA:168,0
DA:169,0
DA:170,0
DA:171,0
DA:172,0
DA:173,0
DA:174,0
DA:175,0
DA:176,0
DA:177,0
DA:178,0
DA:179,0
DA:180,0
DA:181,0
DA:182,0
DA:183,0
DA:184,0
DA:185,0
DA:186,0
DA:187,0
DA:188,0
DA:189,0
DA:190,0
DA:191,0
DA:192,0
DA:193,0
DA:194,0
DA:195,0
DA:196,0
DA:197,0
DA:198,0
DA:199,0
DA:200,0
DA:201,0
DA:202,0
DA:203,0
DA:204,0
DA:205,0
DA:206,0
DA:207,0
DA:208,0
DA:209,0
DA:210,0
DA:211,0
DA:212,0
DA:213,0
DA:214,0
DA:215,0
DA:216,0
DA:217,0
DA:218,0
DA:219,0
DA:220,0
DA:221,0
DA:222,0
DA:223,0
DA:224,0
DA:225,0
DA:226,0
DA:227,0
DA:228,0
DA:229,0
DA:230,0
DA:231,0
DA:232,0
DA:233,0
DA:234,0
DA:235,0
DA:236,0
DA:237,0
DA:238,0
DA:239,0
DA:240,0
DA:241,0
DA:242,0
DA:243,0
DA:244,0
DA:245,0
DA:246,0
DA:247,0
DA:248,0
DA:249,0
DA:250,0
DA:251,0
DA:252,0
DA:253,0
DA:254,0
DA:255,0
DA:256,0
DA:257,0
DA:258,0
DA:259,0
DA:260,0
DA:261,0
DA:262,0
DA:263,0
DA:264,0
DA:265,0
DA:266,0
DA:267,0
DA:268,0
DA:269,0
DA:270,0
DA:271,0
DA:272,0
DA:273,0
DA:274,0
DA:275,0
DA:276,0
DA:277,0
DA:278,0
DA:279,0
DA:280,0
DA:281,0
DA:282,0
DA:283,0
DA:284,0
DA:285,0
DA:286,0
DA:287,0
DA:288,0
DA:289,0
DA:290,0
DA:291,0
DA:292,0
DA:293,0
DA:294,0
DA:295,0
DA:296,0
DA:297,0
DA:298,0
DA:299,0
DA:300,0
DA:301,0
DA:302,0
DA:303,0
DA:304,0
DA:305,0
DA:306,0
DA:307,0
DA:308,0
DA:309,0
DA:310,0
DA:311,0
DA:312,0
DA:313,0
DA:314,0
DA:315,0
DA:320,0
DA:321,0
DA:322,0
DA:323,0
DA:324,0
DA:325,0
DA:326,0
DA:327,0
DA:328,0
DA:329,0
DA:330,0
DA:331,0
DA:332,0
DA:333,0
DA:334,0
DA:335,0
DA:336,0
DA:337,0
DA:338,0
DA:339,1
DA:343,0
DA:344,0
DA:345,0
DA:346,0
DA:347,0
DA:348,0
DA:349,1
DA:353,0
DA:354,0
DA:355,0
DA:356,0
DA:357,0
DA:358,0
DA:359,1
DA:363,79
DA:370,0
DA:371,0
DA:372,0
DA:373,0
DA:374,0
DA:375,0
DA:376,0
DA:377,0
DA:378,0
DA:379,0
DA:380,0
DA:381,0
DA:382,0
DA:383,0
DA:384,0
DA:385,0
DA:386,0
DA:387,0
DA:388,0
DA:389,0
DA:390,0
DA:394,0
DA:395,0
DA:396,0
DA:397,0
DA:398,0
DA:399,0
DA:404,0
DA:405,1
DA:413,21
DA:420,0
DA:421,0
DA:422,0
DA:423,0
DA:424,0
DA:425,0
DA:426,0
DA:427,0
DA:428,0
DA:429,0
DA:430,0
DA:431,0
DA:432,0
DA:433,0
DA:434,0
DA:435,0
DA:436,0
DA:437,0
DA:438,0
DA:439,0
DA:440,0
DA:441,0
DA:442,0
DA:443,0
DA:444,0
DA:445,0
DA:446,0
DA:447,0
DA:448,0
DA:449,0
DA:450,0
DA:451,0
DA:452,0
DA:453,0
DA:454,0
DA:455,0
DA:456,0
DA:457,0
DA:458,0
DA:459,0
DA:460,0
DA:461,0
DA:462,0
DA:463,0
DA:464,0
DA:465,0
DA:466,0
DA:467,1
DA:499,0
DA:500,0
DA:501,0
DA:502,0
DA:503,0
DA:504,0
DA:505,0
DA:506,0
DA:507,0
DA:508,0
DA:509,0
DA:510,0
DA:511,0
DA:512,1
DA:516,0
DA:517,1
DA:525,34
DA:526,79
DA:527,84
DA:533,44
DA:534,75
DA:535,49
DA:542,0
DA:543,0
DA:544,0
DA:545,0
DA:546,0
DA:547,0
DA:548,1
DA:555,0
DA:556,0
DA:557,0
DA:558,0
DA:559,0
DA:560,0
DA:561,0
DA:562,0
DA:563,0
DA:564,0
DA:565,0
DA:566,0
DA:567,0
DA:568,1
DA:572,184
DA:584,0
DA:585,0
DA:586,0
DA:587,0
DA:588,0
DA:589,0
LF:385
LH:56
end_of_record
TN:
SF:src/lib/repo-root.ts
FNF:2
FNH:2
DA:16,51
DA:17,41
DA:20,88
DA:23,11
DA:24,85
DA:32,11
DA:33,7
DA:34,32
DA:35,33
DA:36,28
LF:10
LH:10
end_of_record
TN:
SF:src/lib/repo-scope.ts
FNF:3
FNH:0
DA:14,37
DA:15,42
DA:38,0
DA:39,0
DA:40,0
DA:41,0
DA:42,0
DA:43,0
DA:44,0
DA:45,0
DA:46,1
DA:51,0
DA:52,1
DA:64,0
DA:65,0
DA:66,0
DA:67,0
DA:68,0
DA:69,0
DA:70,0
DA:71,0
DA:72,0
DA:73,0
DA:74,0
DA:75,0
DA:76,0
DA:77,0
DA:78,0
LF:28
LH:4
end_of_record
TN:
SF:src/lib/resolver-local.ts
FNF:9
FNH:0
DA:41,0
DA:42,0
DA:43,0
DA:44,0
DA:45,0
DA:46,0
DA:47,0
DA:48,0
DA:49,6
DA:51,2
DA:53,100
DA:55,35
DA:57,0
DA:58,0
DA:59,0
DA:60,0
DA:61,0
DA:62,0
DA:63,0
DA:64,0
DA:65,0
DA:66,0
DA:67,0
DA:68,0
DA:69,0
DA:70,0
DA:71,0
DA:72,0
DA:73,0
DA:74,0
DA:75,0
DA:76,0
DA:77,0
DA:78,0
DA:79,0
DA:80,0
DA:81,0
DA:82,0
DA:83,0
DA:84,0
DA:85,0
DA:86,0
DA:87,0
DA:88,0
DA:89,0
DA:90,44
DA:92,2
DA:113,0
DA:114,0
DA:115,0
DA:116,0
DA:117,0
DA:118,0
DA:119,0
DA:120,0
DA:121,0
DA:122,0
DA:123,0
DA:124,0
DA:125,0
DA:126,0
DA:127,0
DA:128,0
DA:129,0
DA:130,0
DA:131,0
DA:132,0
DA:133,0
DA:134,0
DA:135,0
DA:136,0
DA:137,0
DA:138,0
DA:139,0
DA:140,0
DA:141,0
DA:142,0
DA:143,0
DA:144,0
DA:145,0
DA:146,15
DA:162,0
DA:163,0
DA:164,0
DA:165,0
DA:166,0
DA:167,0
DA:168,0
DA:169,0
DA:170,0
DA:171,0
DA:172,0
DA:173,0
DA:174,0
DA:175,0
DA:176,0
DA:177,0
DA:178,0
DA:179,0
DA:180,0
DA:181,0
DA:182,0
DA:183,0
DA:184,0
DA:185,0
DA:186,0
DA:187,0
DA:188,0
DA:189,0
DA:190,0
DA:191,0
DA:192,0
DA:193,0
DA:194,0
DA:195,0
DA:196,0
DA:197,0
DA:198,0
DA:199,0
DA:200,0
DA:201,0
DA:202,0
DA:203,0
DA:204,0
DA:205,0
DA:206,0
DA:207,0
DA:208,0
DA:209,0
DA:210,0
DA:211,0
DA:212,0
DA:213,0
DA:214,0
DA:215,0
DA:216,0
DA:217,0
DA:218,48
DA:221,0
DA:222,0
DA:223,0
DA:224,0
DA:225,0
DA:226,0
DA:227,0
DA:228,0
DA:229,0
DA:230,0
DA:231,0
DA:232,0
DA:233,0
DA:234,0
DA:235,0
DA:236,0
DA:237,0
DA:238,0
DA:239,0
DA:240,0
DA:241,0
DA:242,0
DA:243,0
DA:244,0
DA:245,0
DA:246,0
DA:247,0
DA:248,0
DA:249,0
DA:250,0
DA:251,0
DA:252,0
DA:253,0
DA:254,0
DA:255,0
DA:256,0
DA:257,0
DA:258,0
DA:259,0
DA:260,0
DA:261,0
DA:262,0
DA:263,0
DA:264,0
DA:265,0
DA:266,0
DA:267,0
DA:268,0
DA:269,0
DA:270,0
DA:271,0
DA:272,0
DA:273,0
DA:274,0
DA:275,0
DA:276,0
DA:277,0
DA:278,0
DA:279,0
DA:280,0
DA:281,5
DA:292,0
DA:293,0
DA:294,0
DA:295,0
DA:296,0
DA:297,0
DA:298,0
DA:299,0
DA:300,0
DA:301,0
DA:302,0
DA:303,0
DA:304,0
DA:305,56
DA:308,0
DA:309,0
DA:310,0
DA:311,0
DA:312,0
DA:313,0
DA:314,0
DA:315,0
DA:316,0
DA:317,0
DA:318,0
DA:319,0
DA:320,0
DA:321,0
DA:322,0
DA:323,0
DA:324,0
DA:325,0
DA:326,0
DA:327,0
DA:328,0
DA:329,25
DA:334,66
DA:351,0
DA:352,0
DA:353,0
DA:354,0
DA:355,0
DA:356,0
DA:357,0
DA:358,22
DA:364,0
DA:365,0
DA:366,0
DA:367,0
DA:368,0
DA:369,0
DA:370,0
DA:371,0
DA:372,0
DA:373,0
DA:374,0
DA:375,0
DA:376,0
DA:377,15
LF:258
LH:14
end_of_record
TN:
SF:src/lib/runtime-gc.ts
FNF:8
FNH:0
DA:18,97
DA:19,34
DA:20,33
DA:22,43
DA:25,49
DA:27,34
DA:28,24
DA:44,0
DA:45,0
DA:46,0
DA:47,0
DA:48,0
DA:49,1
DA:53,0
DA:54,0
DA:55,0
DA:56,1
DA:65,0
DA:66,0
DA:67,0
DA:68,0
DA:69,0
DA:70,0
DA:71,0
DA:72,0
DA:73,0
DA:74,0
DA:75,0
DA:76,0
DA:77,0
DA:78,0
DA:79,0
DA:80,0
DA:81,0
DA:82,0
DA:83,0
DA:84,0
DA:85,0
DA:86,0
DA:87,1
DA:95,0
DA:96,0
DA:97,0
DA:98,0
DA:99,0
DA:100,0
DA:101,0
DA:102,0
DA:103,1
DA:107,0
DA:108,0
DA:109,0
DA:110,0
DA:111,0
DA:112,0
DA:113,0
DA:114,0
DA:115,0
DA:116,0
DA:117,0
DA:118,0
DA:119,0
DA:120,0
DA:121,0
DA:122,0
DA:123,0
DA:128,0
DA:129,0
DA:130,0
DA:131,0
DA:132,0
DA:133,0
DA:134,0
DA:135,0
DA:136,0
DA:137,0
DA:138,1
DA:156,0
DA:157,0
DA:158,0
DA:159,0
DA:160,0
DA:161,0
DA:162,0
DA:163,0
DA:164,0
DA:165,0
DA:166,0
DA:167,0
DA:168,0
DA:169,0
DA:170,0
DA:171,0
DA:172,0
DA:173,0
DA:174,0
DA:175,1
DA:178,29
DA:180,32
DA:187,0
DA:188,0
DA:189,0
DA:190,0
DA:191,0
DA:192,0
DA:193,0
DA:194,0
DA:195,0
DA:196,0
DA:197,0
DA:198,0
DA:199,0
DA:200,0
DA:201,0
LF:114
LH:15
end_of_record
TN:
SF:src/lib/runtime-install.ts
FNF:9
FNH:0
DA:9,37
DA:10,44
DA:11,42
DA:12,34
DA:15,58
DA:16,43
DA:17,36
DA:18,70
DA:19,60
DA:23,55
DA:25,0
DA:26,1
DA:29,0
DA:30,1
DA:33,0
DA:34,1
DA:37,0
DA:38,0
DA:39,0
DA:40,0
DA:41,0
DA:42,0
DA:43,0
DA:44,0
DA:45,1
DA:48,0
DA:49,0
DA:50,0
DA:51,0
DA:52,0
DA:53,0
DA:54,0
DA:55,0
DA:56,0
DA:57,0
DA:58,0
DA:59,0
DA:60,0
DA:61,0
DA:62,0
DA:63,0
DA:64,0
DA:65,0
DA:66,0
DA:67,0
DA:68,0
DA:69,0
DA:70,0
DA:71,0
DA:72,0
DA:73,0
DA:74,0
DA:75,0
DA:76,0
DA:77,0
DA:78,0
DA:79,1
DA:82,0
DA:83,0
DA:84,0
DA:85,0
DA:86,0
DA:87,0
DA:88,0
DA:89,1
DA:93,0
DA:94,0
DA:95,0
DA:96,0
DA:97,0
DA:98,0
DA:99,0
DA:100,0
DA:101,0
DA:102,0
DA:103,0
DA:104,0
DA:105,0
DA:106,0
DA:107,0
DA:108,0
DA:109,0
DA:110,0
DA:111,0
DA:112,0
DA:113,0
DA:114,0
DA:115,0
DA:116,0
DA:117,0
DA:118,0
DA:119,0
DA:120,0
DA:121,0
DA:122,0
DA:123,0
DA:124,0
DA:125,0
DA:126,0
DA:127,0
DA:128,0
DA:129,1
DA:132,0
DA:133,0
DA:134,0
DA:135,0
DA:136,0
DA:137,0
DA:138,0
DA:139,0
DA:140,0
DA:141,0
DA:142,0
DA:143,0
DA:144,0
DA:145,0
DA:146,0
DA:147,1
DA:163,0
DA:164,0
DA:165,0
DA:166,0
DA:167,0
DA:168,0
DA:169,0
DA:170,0
DA:171,0
DA:172,0
DA:173,0
LF:129
LH:18
end_of_record
TN:
SF:src/lib/runtime-materializer.ts
FNF:68
FNH:56
DA:10,41
DA:11,29
DA:12,31
DA:13,108
DA:14,88
DA:15,41
DA:18,54
DA:19,57
DA:20,57
DA:21,83
DA:22,65
DA:23,54
DA:25,83
DA:26,62
DA:27,68
DA:28,70
DA:29,62
DA:30,70
DA:31,78
DA:32,68
DA:35,36
DA:37,15
DA:38,41
DA:86,11
DA:87,49
DA:92,6
DA:93,67
DA:114,6
DA:115,13
DA:116,7
DA:117,13
DA:118,25
DA:119,3
DA:120,71
DA:121,49
DA:122,16
DA:123,9
DA:124,47
DA:125,11
DA:126,14
DA:131,9
DA:132,95
DA:133,11
DA:134,2
DA:135,2
DA:138,47
DA:139,12
DA:140,9
DA:141,36
DA:142,11
DA:143,14
DA:145,30
DA:146,11
DA:147,96
DA:148,9
DA:149,2
DA:150,12
DA:153,19
DA:154,65
DA:155,36
DA:158,11
DA:159,81
DA:160,80
DA:161,20
DA:162,39
DA:163,89
DA:178,30
DA:180,32
DA:181,83
DA:182,60
DA:198,14
DA:199,81
DA:202,41
DA:203,38
DA:205,23
DA:206,39
DA:207,48
DA:208,99
DA:209,57
DA:210,56
DA:212,17
DA:213,24
DA:214,11
DA:215,27
DA:216,21
DA:217,78
DA:218,6
DA:219,21
DA:220,12
DA:221,0
DA:222,0
DA:223,6
DA:224,41
DA:225,13
DA:226,64
DA:227,68
DA:228,55
DA:229,26
DA:230,54
DA:231,8
DA:233,8
DA:234,30
DA:235,0
DA:236,0
DA:237,7
DA:238,15
DA:239,15
DA:240,66
DA:241,49
DA:242,64
DA:243,8
DA:244,0
DA:245,6
DA:247,27
DA:248,0
DA:249,6
DA:250,60
DA:252,2
DA:254,9
DA:255,30
DA:256,5
DA:257,11
DA:258,66
DA:259,88
DA:260,3
DA:264,16
DA:265,24
DA:266,19
DA:267,40
DA:268,24
DA:269,4
DA:270,77
DA:273,10
DA:274,48
DA:275,93
DA:282,62
DA:283,44
DA:284,71
DA:285,35
DA:286,0
DA:287,0
DA:288,0
DA:289,2
DA:294,75
DA:295,63
DA:296,4
DA:297,58
DA:301,84
DA:304,9
DA:305,84
DA:306,29
DA:309,46
DA:311,39
DA:312,83
DA:313,72
DA:314,8
DA:317,79
DA:320,74
DA:321,6
DA:322,37
DA:323,90
DA:324,6
DA:325,43
DA:326,3
DA:327,9
DA:330,56
DA:331,53
DA:337,43
DA:338,46
DA:339,27
DA:340,26
DA:350,28
DA:357,28
DA:358,27
DA:359,24
DA:360,46
DA:361,51
DA:362,73
DA:363,22
DA:364,11
DA:365,58
DA:366,36
DA:367,38
DA:368,40
DA:369,57
DA:370,63
DA:371,6
DA:372,31
DA:373,34
DA:374,13
DA:375,35
DA:377,2
DA:378,41
DA:379,44
DA:380,2
DA:386,54
DA:387,35
DA:388,94
DA:389,58
DA:390,47
DA:391,90
DA:392,2
DA:393,31
DA:394,21
DA:395,103
DA:396,23
DA:397,4
DA:398,2
DA:401,16
DA:402,29
DA:403,59
DA:404,3
DA:405,34
DA:406,21
DA:407,101
DA:408,33
DA:409,55
DA:410,4
DA:411,2
DA:419,21
DA:420,48
DA:421,50
DA:422,4
DA:423,17
DA:424,23
DA:425,45
DA:426,5
DA:427,55
DA:428,16
DA:429,99
DA:430,125
DA:432,84
DA:433,113
[...]
DA:492,43
DA:493,47
DA:494,38
DA:495,90
DA:496,13
DA:497,25
DA:498,57
DA:499,11
DA:500,2
DA:501,2
DA:508,60
DA:509,43
DA:510,47
DA:511,38
DA:512,60
DA:513,13
DA:514,25
DA:515,57
DA:516,13
DA:517,57
DA:518,64
DA:519,65
DA:520,15
DA:521,33
DA:522,67
DA:523,13
DA:524,4
DA:525,2
DA:526,2
DA:530,51
DA:531,32
DA:532,0
DA:533,0
DA:534,0
DA:535,0
DA:536,0
DA:537,0
DA:538,0
DA:539,0
DA:540,0
DA:541,2
DA:550,50
DA:551,55
DA:552,0
DA:553,0
DA:554,0
DA:555,0
DA:556,0
DA:557,0
DA:558,0
DA:559,0
DA:560,0
DA:561,0
DA:562,2
DA:566,33
DA:567,77
DA:568,62
DA:569,11
DA:574,73
DA:575,30
DA:576,31
DA:577,14
DA:578,8
DA:582,37
DA:583,49
DA:584,41
DA:585,32
DA:586,38
DA:587,43
DA:589,86
DA:590,45
DA:591,24
DA:597,47
DA:602,56
DA:603,24
DA:604,34
DA:605,0
DA:606,0
DA:607,0
DA:608,0
DA:609,0
DA:610,0
DA:611,0
DA:614,2
DA:616,61
DA:617,16
DA:618,0
DA:619,2
DA:622,32
DA:623,0
DA:624,0
DA:625,0
DA:626,0
DA:627,0
DA:628,0
DA:629,0
DA:630,2
DA:637,26
DA:638,33
DA:639,11
DA:640,52
DA:641,57
DA:642,13
DA:646,53
DA:647,27
DA:648,82
DA:649,78
DA:650,70
DA:651,9
DA:653,2
DA:654,55
DA:661,21
DA:662,9
DA:663,65
DA:664,65
DA:665,57
DA:666,2
DA:667,79
DA:672,29
DA:673,43
DA:674,46
DA:680,64
DA:681,78
DA:682,52
DA:683,31
DA:684,23
DA:685,9
DA:686,23
DA:687,19
DA:688,5
DA:689,41
DA:692,47
DA:693,137
DA:697,31
DA:698,58
DA:699,35
DA:700,78
DA:701,0
DA:703,0
DA:704,0
DA:705,0
DA:706,0
DA:707,0
DA:708,0
DA:709,0
DA:710,0
DA:711,0
DA:712,0
DA:713,4
DA:715,14
DA:716,2
DA:719,29
DA:720,52
DA:721,2
DA:728,52
DA:730,11
DA:731,57
DA:732,45
DA:733,30
DA:734,49
DA:735,82
DA:736,45
DA:737,57
DA:738,8
DA:739,18
DA:740,4
DA:741,4
DA:748,66
DA:749,16
DA:750,0
DA:751,4
DA:754,52
DA:755,11
DA:756,0
DA:757,2
DA:758,2
DA:762,33
DA:763,78
DA:765,96
DA:766,2
DA:769,36
DA:770,35
DA:771,69
DA:772,2
DA:780,64
DA:781,27
DA:782,42
DA:783,37
DA:784,48
DA:785,40
DA:786,53
DA:787,31
DA:788,4
DA:789,289
DA:794,63
DA:795,67
DA:796,4
DA:797,14
DA:798,2
DA:802,32
DA:803,0
DA:805,0
DA:806,0
DA:808,0
DA:810,2
DA:813,58
DA:814,36
DA:815,0
DA:816,0
DA:817,0
DA:818,2
DA:825,27
DA:826,52
DA:827,2
DA:829,80
DA:831,55
DA:832,74
DA:837,86
DA:838,60
DA:839,21
DA:840,77
DA:841,90
DA:842,104
DA:844,4
DA:845,2
DA:846,67
DA:849,51
DA:857,33
DA:858,62
DA:862,57
DA:863,2
DA:871,27
DA:872,31
DA:873,18
DA:874,20
DA:875,18
DA:876,20
DA:877,18
DA:878,14
DA:879,12
DA:880,7
DA:881,24
DA:882,66
DA:883,37
DA:884,43
DA:885,45
DA:886,41
DA:887,13
DA:888,29
DA:889,9
DA:890,13
DA:891,54
DA:892,2
DA:893,2
DA:924,25
DA:925,33
DA:926,87
DA:927,74
DA:928,72
DA:929,2
DA:930,35
DA:931,74
DA:932,4
DA:933,38
DA:934,43
DA:935,39
DA:936,11
DA:937,38
DA:938,60
DA:939,42
DA:950,59
DA:951,59
DA:952,44
DA:953,6
DA:956,58
DA:957,36
DA:958,9
DA:959,2
DA:972,81
DA:973,22
DA:974,9
DA:975,39
DA:976,18
DA:977,9
DA:980,35
DA:981,17
DA:982,58
DA:984,4
DA:985,2
DA:986,39
DA:988,33
DA:989,86
DA:990,2
DA:992,42
DA:1000,15
DA:1001,37
DA:1002,48
DA:1003,9
DA:1004,40
DA:1005,18
DA:1006,6
DA:1007,40
DA:1008,76
DA:1009,4
DA:1010,1
DA:1020,9
DA:1021,9
DA:1022,45
DA:1023,35
DA:1024,49
DA:1025,39
DA:1026,11
DA:1027,8
DA:1039,9
DA:1040,9
DA:1041,45
DA:1042,35
DA:1043,41
DA:1044,11
DA:1045,6
DA:1049,1
DA:1050,9
DA:1051,7
DA:1052,10
DA:1053,3
DA:1054,17
DA:1055,34
DA:1056,47
DA:1060,73
DA:1061,31
DA:1062,44
DA:1063,2
DA:1064,10
DA:1074,1
DA:1075,12
DA:1076,12
DA:1077,17
DA:1078,3
DA:1079,50
DA:1080,18
DA:1081,9
DA:1082,47
DA:1083,28
DA:1084,17
DA:1090,27
DA:1091,53
DA:1093,43
DA:1094,48
DA:1101,27
DA:1102,0
DA:1105,0
DA:1106,0
DA:1107,0
DA:1108,0
DA:1109,0
DA:1110,2
DA:1111,29
DA:1114,36
DA:1115,59
DA:1131,38
DA:1132,18
DA:1133,11
DA:1134,13
DA:1135,10
DA:1136,10
DA:1137,14
DA:1138,14
DA:1139,14
DA:1140,16
DA:1142,16
DA:1143,10
DA:1144,10
DA:1145,2
DA:1160,25
DA:1161,14
DA:1162,9
DA:1163,37
DA:1164,0
DA:1165,2
DA:1174,82
DA:1175,0
DA:1176,0
DA:1177,0
DA:1178,0
DA:1179,0
DA:1180,2
DA:1186,26
DA:1187,51
DA:1188,99
DA:1189,49
DA:1190,49
DA:1194,78
DA:1196,32
DA:1197,51
DA:1198,45
DA:1201,27
DA:1202,27
DA:1203,45
DA:1204,39
DA:1205,2
DA:1206,25
DA:1208,33
DA:1209,11
DA:1210,41
DA:1211,50
DA:1212,11
DA:1217,74
DA:1219,51
DA:1232,37
DA:1233,56
DA:1234,56
DA:1235,57
DA:1236,17
DA:1240,66
DA:1241,64
DA:1242,44
DA:1243,40
DA:1244,8
DA:1245,6
DA:1246,6
DA:1247,8
DA:1248,4
DA:1261,55
DA:1262,66
DA:1263,66
DA:1264,51
DA:1265,4
DA:1267,80
DA:1269,13
DA:1270,44
DA:1271,4
DA:1272,4
DA:1274,22
DA:1275,60
DA:1276,13
DA:1277,45
DA:1278,4
DA:1279,13
DA:1280,13
DA:1281,44
DA:1282,6
DA:1284,2
DA:1309,30
DA:1310,48
DA:1311,9
DA:1312,27
DA:1313,11
DA:1314,8
DA:1316,48
DA:1317,47
DA:1319,77
DA:1320,46
DA:1321,11
DA:1322,28
DA:1323,0
DA:1324,4
DA:1326,46
DA:1338,61
DA:1339,11
DA:1340,60
DA:1341,43
DA:1342,13
DA:1343,43
DA:1344,15
DA:1350,63
DA:1351,46
DA:1353,0
DA:1356,2
DA:1358,1
DA:1366,0
DA:1367,0
DA:1368,0
DA:1369,0
DA:1370,0
DA:1371,0
DA:1372,0
DA:1373,0
DA:1385,0
DA:1386,0
DA:1387,0
DA:1388,0
DA:1389,0
DA:1390,0
DA:1391,0
DA:1392,0
DA:1393,0
DA:1394,0
DA:1395,0
DA:1396,0
DA:1397,0
DA:1398,0
DA:1399,0
DA:1400,0
DA:1401,0
DA:1402,0
DA:1403,0
DA:1404,0
DA:1405,0
DA:1409,1
DA:1410,9
DA:1411,7
DA:1412,6
DA:1413,3
DA:1414,28
DA:1415,42
DA:1416,52
DA:1417,35
DA:1418,2
DA:1419,75
DA:1420,24
DA:1421,33
DA:1422,11
DA:1423,89
DA:1424,36
DA:1425,9
DA:1426,2
DA:1431,23
DA:1432,45
DA:1433,47
DA:1434,0
DA:1435,2
DA:1440,49
DA:1441,57
DA:1442,4
DA:1443,27
DA:1444,34
DA:1445,50
DA:1446,0
DA:1447,0
DA:1448,2
DA:1449,37
DA:1450,58
DA:1451,11
DA:1452,46
DA:1453,37
DA:1454,75
DA:1455,53
DA:1456,69
DA:1457,5
DA:1458,9
DA:1459,2
DA:1467,50
DA:1468,25
DA:1469,64
DA:1470,40
DA:1471,31
DA:1472,20
DA:1473,11
DA:1474,4
DA:1475,2
DA:1477,25
DA:1478,17
DA:1484,15
DA:1488,16
DA:1489,4
DA:1490,45
DA:1491,31
DA:1492,2
DA:1503,33
DA:1506,39
DA:1507,35
DA:1508,24
DA:1509,6
DA:1515,29
DA:1516,22
DA:1517,6
DA:1518,49
DA:1519,37
DA:1520,79
DA:1521,15
DA:1522,6
DA:1528,74
DA:1529,74
DA:1530,13
DA:1531,78
DA:1532,165
DA:1535,10
DA:1536,8
DA:1537,6
DA:1538,26
DA:1539,4
DA:1540,46
DA:1541,30
DA:1542,2
DA:1543,2
DA:1545,41
DA:1552,34
DA:1553,60
DA:1554,46
DA:1556,17
DA:1557,9
DA:1558,63
DA:1559,38
DA:1562,53
DA:1563,44
DA:1564,45
DA:1565,31
DA:1566,29
DA:1568,25
DA:1571,79
DA:1572,35
DA:1575,45
DA:1576,24
DA:1577,70
DA:1578,36
DA:1580,56
DA:1581,50
DA:1582,41
DA:1585,125
DA:1586,25
DA:1588,55
DA:1589,28
DA:1591,42
DA:1592,13
DA:1593,37
DA:1594,64
DA:1595,49
DA:1596,60
DA:1597,10
DA:1598,34
DA:1600,62
DA:1601,60
DA:1602,8
DA:1603,6
DA:1604,6
DA:1605,45
DA:1606,4
DA:1608,46
DA:1610,0
DA:1611,0
DA:1612,0
DA:1616,10
DA:1617,43
DA:1618,40
DA:1619,19
DA:1620,38
DA:1621,20
DA:1622,38
DA:1623,21
DA:1630,16
DA:1631,9
DA:1632,63
DA:1633,38
DA:1636,72
DA:1638,95
DA:1639,40
DA:1640,23
DA:1641,17
DA:1642,7
DA:1644,25
DA:1648,32
DA:1649,47
DA:1650,71
DA:1651,33
DA:1652,0
DA:1653,4
DA:1654,4
DA:1657,45
DA:1658,6
DA:1659,12
DA:1660,9
DA:1662,41
DA:1665,0
DA:1666,0
DA:1667,0
DA:1668,0
DA:1669,0
LF:937
LH:817
end_of_record
TN:
SF:src/lib/shim-dir.ts
FNF:8
FNH:0
DA:22,34
DA:23,42
DA:25,43
DA:27,47
DA:33,69
DA:43,0
DA:44,1
DA:48,0
DA:49,1
DA:57,0
DA:58,1
DA:70,0
DA:71,0
DA:72,1
DA:82,0
DA:83,0
DA:84,1
DA:88,0
DA:89,0
DA:90,0
DA:91,0
DA:92,0
DA:93,0
DA:94,0
DA:95,1
DA:109,0
DA:110,0
DA:111,0
DA:112,0
DA:113,0
DA:114,1
DA:127,0
DA:128,0
DA:129,0
DA:130,0
DA:131,0
DA:132,0
DA:133,0
DA:134,0
DA:135,0
DA:136,0
DA:137,0
LF:42
LH:12
end_of_record
TN:
SF:src/lib/skill-dependencies.ts
FNF:7
FNH:0
DA:8,64
DA:9,51
DA:10,41
DA:12,138
DA:13,69
DA:30,0
DA:31,0
DA:32,0
DA:33,0
DA:34,0
DA:35,0
DA:36,0
DA:37,0
DA:38,0
DA:39,0
DA:40,0
DA:41,0
DA:42,0
DA:43,0
DA:44,0
DA:45,0
DA:46,0
DA:47,0
DA:48,0
DA:49,0
DA:50,0
DA:51,0
DA:52,1
DA:64,49
DA:66,0
DA:67,0
DA:68,0
DA:69,0
DA:70,0
DA:71,0
DA:72,0
DA:73,0
DA:81,0
DA:82,0
DA:83,0
DA:84,0
DA:85,0
DA:86,0
DA:87,0
DA:88,0
DA:89,0
DA:90,0
DA:91,0
DA:92,0
DA:93,0
DA:94,0
DA:95,0
DA:96,0
DA:97,0
DA:98,1
DA:107,0
DA:108,0
DA:109,0
DA:110,0
DA:111,0
DA:112,0
DA:113,0
DA:114,0
DA:115,0
DA:116,0
DA:117,0
DA:118,0
DA:119,0
DA:120,0
DA:121,1
DA:127,0
DA:128,0
DA:129,0
DA:130,1
DA:145,0
DA:146,0
DA:147,0
DA:148,0
DA:149,0
DA:150,0
DA:151,0
DA:152,0
DA:153,0
DA:154,0
DA:155,0
DA:156,0
DA:157,0
DA:158,0
DA:159,0
DA:160,0
DA:161,0
DA:162,0
DA:163,0
DA:164,0
DA:165,1
DA:171,0
DA:172,0
DA:173,0
DA:174,0
DA:175,0
DA:176,0
DA:177,0
DA:178,0
DA:179,0
DA:180,0
DA:181,0
DA:182,0
DA:183,0
DA:184,0
DA:185,0
DA:186,0
DA:187,0
DA:188,0
LF:113
LH:11
end_of_record
TN:
SF:src/lib/skill-report.ts
FNF:6
FNH:4
DA:17,41
DA:51,6
DA:52,9
DA:53,11
DA:54,3
DA:55,43
DA:56,35
DA:57,76
DA:58,57
DA:66,79
DA:67,23
DA:68,30
DA:69,68
DA:70,30
DA:71,67
DA:72,62
DA:73,18
DA:74,48
DA:75,27
DA:76,2
DA:78,60
DA:79,29
DA:80,4
DA:82,23
DA:83,18
DA:84,34
DA:85,34
DA:86,17
DA:90,38
DA:91,53
DA:92,17
DA:93,9
DA:94,20
DA:95,31
DA:96,25
DA:97,5
DA:98,2
DA:99,65
DA:100,12
DA:104,0
DA:105,1
DA:115,0
LF:42
LH:40
end_of_record
TN:
SF:src/lib/skill-router.ts
FNF:27
FNH:8
DA:20,44
DA:21,33
DA:23,41
DA:62,0
DA:63,0
DA:64,0
DA:65,0
DA:66,0
DA:67,0
DA:68,0
DA:69,0
DA:70,0
DA:75,0
DA:79,0
DA:80,0
DA:81,0
DA:82,0
DA:83,0
DA:84,0
DA:85,0
DA:86,1
DA:100,54
DA:101,155
DA:102,74
DA:104,0
DA:105,0
DA:106,0
DA:107,0
DA:108,0
DA:109,0
DA:110,0
DA:111,0
DA:112,0
DA:113,0
DA:114,0
DA:115,0
DA:116,0
DA:117,0
DA:118,0
DA:119,0
DA:120,0
DA:121,0
DA:122,0
DA:123,0
DA:124,0
DA:125,0
DA:126,0
DA:127,0
DA:128,0
DA:129,0
DA:130,0
DA:131,0
DA:132,0
DA:133,0
DA:134,0
DA:135,0
DA:136,0
DA:137,0
DA:138,0
DA:139,0
DA:140,0
DA:141,0
DA:142,0
DA:143,0
DA:144,0
DA:145,0
DA:146,0
DA:147,0
DA:151,0
DA:152,0
DA:153,0
DA:154,0
DA:155,0
DA:156,0
DA:157,0
DA:158,0
DA:159,0
DA:160,0
DA:161,1
DA:173,0
DA:174,0
DA:175,0
DA:176,0
DA:177,0
DA:178,0
DA:179,1
DA:187,6
DA:188,9
DA:189,5
DA:190,3
DA:191,57
DA:194,18
DA:195,39
DA:196,55
DA:198,14
DA:199,9
DA:200,42
DA:201,11
DA:202,14
DA:203,18
DA:204,25
DA:205,19
DA:206,21
DA:207,32
DA:208,23
DA:209,17
DA:210,25
DA:211,22
DA:212,17
DA:213,1
DA:216,1
DA:220,0
DA:221,0
DA:222,0
DA:223,0
DA:224,0
DA:225,0
DA:226,0
DA:227,0
DA:228,0
DA:229,0
DA:230,0
DA:231,0
DA:232,0
DA:233,0
DA:234,0
DA:235,0
DA:236,0
DA:237,0
DA:238,0
DA:239,0
DA:240,0
DA:241,0
DA:242,0
DA:243,0
DA:244,0
DA:245,0
DA:246,0
DA:247,0
DA:248,0
DA:249,0
DA:250,0
DA:251,0
DA:252,0
DA:253,0
DA:254,0
DA:255,0
DA:256,0
DA:257,0
DA:258,0
DA:259,0
DA:260,0
DA:261,0
DA:262,0
DA:263,0
DA:264,0
DA:265,0
DA:266,0
DA:267,0
DA:268,0
DA:269,0
DA:270,0
DA:271,0
DA:272,0
DA:273,0
DA:274,0
DA:275,0
DA:276,0
DA:277,0
DA:278,0
DA:286,0
DA:290,0
DA:291,0
DA:292,1
DA:356,6
DA:357,8
DA:358,14
DA:359,3
DA:360,47
DA:361,55
DA:362,44
DA:368,29
DA:369,43
DA:370,22
DA:371,36
DA:372,36
DA:373,2
DA:374,23
DA:375,73
DA:377,56
DA:378,55
DA:383,23
DA:389,5
DA:390,29
DA:391,0
DA:394,0
DA:395,0
DA:396,0
DA:397,0
DA:398,0
DA:399,0
DA:400,0
DA:401,2
DA:404,25
DA:405,29
DA:406,0
DA:407,0
DA:408,0
DA:409,2
DA:413,28
DA:414,0
DA:415,0
DA:416,0
DA:417,0
DA:418,0
DA:419,0
DA:420,0
DA:421,0
DA:422,0
DA:423,0
DA:424,0
DA:425,0
DA:426,0
DA:427,0
DA:428,0
DA:429,0
DA:430,2
DA:437,28
DA:438,45
DA:439,43
DA:440,0
DA:441,0
DA:442,0
DA:443,0
DA:444,0
DA:445,0
DA:446,0
DA:447,0
DA:448,0
DA:449,0
DA:450,0
DA:451,0
DA:453,0
DA:454,0
DA:455,0
DA:456,0
DA:457,0
DA:459,0
DA:460,0
DA:462,0
DA:463,0
DA:465,0
DA:466,0
DA:467,0
DA:468,2
DA:473,43
DA:479,66
DA:481,4
DA:482,31
DA:483,28
DA:484,28
DA:485,16
DA:486,0
DA:487,0
DA:488,2
DA:490,15
DA:492,17
DA:493,19
DA:495,30
DA:496,0
DA:497,0
DA:498,0
DA:499,0
DA:500,0
DA:501,0
DA:502,0
DA:503,0
DA:504,0
DA:507,0
DA:508,0
DA:509,0
DA:510,0
DA:511,0
DA:512,2
DA:514,58
DA:515,0
DA:516,0
DA:517,0
DA:518,0
DA:519,0
DA:520,0
DA:521,0
DA:522,2
DA:524,25
DA:525,0
DA:526,2
DA:528,27
DA:529,0
DA:530,0
DA:531,0
DA:532,0
DA:533,0
DA:534,0
DA:535,0
DA:536,0
DA:537,0
DA:538,0
DA:539,0
DA:540,0
DA:541,0
DA:542,2
DA:544,24
DA:545,68
DA:546,7
DA:547,198
DA:551,27
DA:552,36
DA:553,56
DA:554,73
DA:555,53
DA:556,31
DA:557,4
DA:558,49
DA:559,36
DA:560,44
DA:561,16
DA:562,0
DA:563,15
DA:564,75
DA:566,4
DA:567,12
DA:568,2
DA:570,10
LF:333
LH:105
end_of_record
TN:
SF:src/lib/stack-suggest.ts
FNF:11
FNH:0
DA:16,50
DA:17,48
DA:18,73
DA:122,33
DA:134,0
DA:135,0
DA:136,1
DA:140,45
DA:143,41
DA:147,34
DA:148,30
DA:154,35
DA:160,40
DA:161,35
DA:165,33
DA:166,39
DA:167,36
DA:168,42
DA:169,33
DA:170,39
DA:171,38
DA:172,44
DA:173,38
DA:174,33
DA:175,31
DA:186,35
DA:187,36
DA:190,22
DA:191,14
DA:192,11
DA:193,12
DA:194,14
DA:195,13
DA:196,11
DA:197,2
DA:204,0
DA:205,0
DA:206,0
DA:207,0
DA:208,0
DA:209,0
DA:210,0
DA:211,0
DA:212,0
DA:213,0
DA:214,0
DA:215,0
DA:216,0
DA:217,1
DA:234,0
DA:235,0
DA:236,0
DA:237,0
DA:238,0
DA:239,0
DA:240,0
DA:241,0
DA:242,0
DA:243,0
DA:244,0
DA:245,0
DA:246,0
DA:247,0
DA:248,0
DA:249,0
DA:250,0
DA:251,0
DA:252,0
DA:253,0
DA:254,0
DA:255,0
DA:256,0
DA:257,0
DA:258,0
DA:259,0
DA:260,0
DA:261,0
DA:262,0
DA:263,0
DA:264,0
DA:265,0
DA:266,0
DA:267,0
DA:268,0
DA:269,0
DA:270,0
DA:271,0
DA:272,0
DA:273,0
DA:274,0
DA:275,0
DA:276,0
DA:277,0
DA:278,0
DA:279,0
DA:280,0
DA:281,0
DA:282,0
DA:283,0
DA:284,0
DA:285,0
DA:286,0
DA:287,0
DA:288,0
DA:289,0
DA:290,0
DA:291,0
DA:292,0
DA:293,0
DA:294,0
DA:295,0
DA:296,0
DA:297,0
DA:298,0
DA:299,0
DA:300,0
DA:301,0
DA:302,0
DA:303,0
DA:304,0
DA:305,0
DA:306,0
DA:307,0
DA:308,0
DA:309,0
DA:310,0
DA:311,0
DA:312,0
DA:313,0
DA:314,0
DA:315,0
DA:316,0
DA:317,0
DA:318,0
DA:319,0
DA:320,0
DA:321,0
DA:322,0
DA:323,0
DA:324,0
DA:325,0
DA:326,0
DA:327,0
DA:328,0
DA:329,0
DA:330,0
DA:331,0
DA:332,0
DA:333,0
DA:334,0
DA:335,0
DA:336,0
DA:337,0
DA:338,0
DA:339,0
DA:340,0
DA:341,0
DA:342,0
DA:343,0
DA:344,0
DA:345,0
DA:346,0
DA:347,0
DA:348,0
DA:349,0
DA:350,0
DA:351,0
DA:352,0
DA:353,0
DA:354,0
DA:355,0
DA:356,0
DA:357,0
DA:358,0
DA:359,0
DA:360,0
DA:365,0
DA:366,0
DA:367,0
DA:368,0
DA:378,0
DA:379,0
DA:380,0
DA:381,0
DA:382,0
DA:383,0
DA:384,0
DA:389,0
DA:390,0
DA:391,0
DA:396,0
DA:406,0
DA:407,0
DA:408,0
DA:409,0
DA:410,0
DA:411,0
DA:412,0
DA:413,0
DA:414,0
DA:415,0
DA:416,0
DA:417,0
DA:418,0
DA:419,0
DA:420,0
DA:421,0
DA:422,0
DA:423,0
DA:424,0
DA:425,0
DA:426,0
DA:427,0
DA:428,1
DA:437,21
DA:438,10
DA:439,0
DA:440,0
DA:441,0
DA:442,0
DA:443,1
DA:446,2
DA:457,0
DA:458,0
DA:459,0
DA:460,0
DA:461,0
DA:462,0
DA:463,0
DA:464,0
DA:465,0
DA:466,0
DA:467,0
DA:468,0
DA:469,0
DA:470,0
DA:471,0
DA:472,0
DA:473,0
DA:474,0
DA:475,0
DA:476,0
DA:477,0
DA:478,0
DA:479,0
DA:480,0
DA:481,0
DA:482,0
DA:483,0
DA:484,0
DA:485,0
DA:486,0
DA:487,0
DA:488,0
DA:489,0
LF:255
LH:39
end_of_record
TN:
SF:src/lib/telemetry-consent.ts
FNF:8
FNH:0
DA:12,104
DA:20,33
DA:21,43
DA:23,33
DA:26,21
DA:28,0
DA:29,1
DA:32,0
DA:33,1
DA:36,0
DA:37,1
DA:40,0
DA:41,1
DA:55,0
DA:56,0
DA:57,0
DA:58,0
DA:59,0
DA:60,0
DA:61,0
DA:62,0
DA:63,0
DA:64,0
DA:65,0
DA:66,0
DA:67,0
DA:68,0
DA:69,0
DA:70,0
DA:71,0
DA:72,1
DA:80,0
DA:81,0
DA:82,0
DA:83,0
DA:84,0
DA:85,1
DA:98,0
DA:99,0
DA:100,0
DA:101,0
DA:102,0
DA:103,0
DA:104,0
DA:105,0
DA:106,0
DA:107,0
DA:108,0
DA:109,1
DA:125,0
DA:126,0
DA:127,0
DA:128,0
DA:129,0
DA:130,0
DA:131,0
DA:132,0
DA:133,0
DA:134,0
DA:135,0
DA:136,0
DA:137,0
DA:138,0
DA:139,0
DA:140,0
DA:141,0
DA:142,0
DA:143,0
DA:144,0
DA:145,0
DA:146,0
DA:147,0
DA:148,0
DA:149,0
DA:150,0
DA:151,0
DA:152,0
DA:153,0
DA:154,0
DA:155,0
DA:156,0
DA:157,0
DA:158,0
DA:159,0
DA:160,0
DA:161,0
DA:162,0
DA:163,0
DA:164,0
DA:165,0
DA:166,0
DA:167,0
DA:168,0
LF:93
LH:12
end_of_record
TN:
SF:src/lib/token-budget.ts
FNF:9
FNH:4
DA:37,6
DA:38,9
DA:39,7
DA:40,16
DA:41,3
DA:42,19
DA:43,27
DA:44,28
DA:45,42
DA:46,55
DA:47,28
DA:48,29
DA:49,67
DA:50,2
DA:51,51
DA:53,23
DA:54,35
DA:55,29
DA:56,32
DA:57,22
DA:58,21
DA:59,43
DA:60,48
DA:61,27
DA:62,53
DA:63,31
DA:64,33
DA:65,20
DA:66,6
DA:67,6
DA:68,94
DA:69,2
DA:70,2
DA:72,12
DA:73,13
DA:74,21
DA:75,45
DA:76,14
DA:77,16
DA:78,2
DA:86,17
DA:87,66
DA:88,46
DA:89,2
DA:91,42
DA:92,18
DA:93,0
DA:94,2
DA:96,47
DA:97,39
DA:98,55
DA:106,19
DA:107,41
DA:108,32
DA:109,33
DA:110,15
DA:126,45
DA:130,39
DA:139,42
DA:146,39
DA:147,28
DA:148,29
DA:149,28
DA:150,28
DA:151,30
DA:152,29
DA:153,25
DA:154,2
DA:166,0
DA:167,0
DA:168,0
DA:169,0
DA:170,0
DA:171,0
DA:172,0
DA:173,0
DA:174,0
DA:175,0
DA:176,0
DA:177,0
DA:178,1
DA:182,0
DA:183,0
DA:184,0
DA:185,0
DA:186,0
DA:187,1
DA:220,0
DA:221,0
DA:222,0
DA:223,0
DA:224,0
DA:225,0
DA:226,0
DA:227,0
DA:228,0
DA:229,0
DA:230,0
DA:231,0
DA:232,0
DA:233,0
DA:234,0
DA:235,0
DA:236,0
DA:237,0
DA:238,0
DA:239,0
DA:240,0
DA:241,0
DA:242,0
DA:243,0
DA:244,0
DA:245,0
DA:246,0
DA:247,0
DA:248,0
DA:249,0
DA:250,0
DA:251,0
DA:252,1
DA:255,13
DA:263,0
DA:264,0
DA:265,0
DA:266,0
DA:267,0
DA:268,0
DA:269,0
DA:270,0
DA:271,0
DA:272,0
DA:273,0
DA:274,0
DA:275,0
DA:276,0
DA:277,0
DA:278,0
DA:279,0
DA:280,0
DA:281,0
DA:282,0
DA:283,0
DA:284,0
DA:285,0
DA:286,0
DA:287,0
DA:288,0
DA:289,0
DA:290,0
DA:291,0
DA:292,0
DA:293,0
DA:294,0
DA:295,0
DA:296,0
LF:155
LH:71
end_of_record
TN:
SF:src/lib/uvx-installer.ts
FNF:14
FNH:2
DA:27,47
DA:28,93
DA:29,42
DA:30,42
DA:43,27
DA:44,60
DA:45,1
DA:66,9
DA:67,40
DA:68,0
DA:69,0
DA:70,0
DA:71,0
DA:72,0
DA:73,0
DA:74,0
DA:75,0
DA:76,0
DA:77,0
DA:78,0
DA:79,0
DA:82,0
DA:83,0
DA:87,0
DA:88,1
DA:99,0
DA:103,0
DA:104,0
DA:105,0
DA:106,0
DA:107,0
DA:108,0
DA:109,0
DA:110,0
DA:111,0
DA:112,0
DA:113,0
DA:114,0
DA:115,0
DA:116,0
DA:117,0
DA:118,0
DA:119,0
DA:120,0
DA:121,0
DA:122,0
DA:123,0
DA:124,0
DA:125,0
DA:126,1
DA:139,0
DA:140,0
DA:141,0
DA:142,0
DA:143,0
DA:144,0
DA:145,0
DA:146,0
DA:147,0
DA:148,0
DA:149,0
DA:150,0
DA:159,0
DA:160,0
DA:161,0
DA:162,0
DA:163,0
DA:164,0
DA:165,0
DA:166,0
DA:167,0
DA:168,0
DA:169,0
DA:170,0
DA:171,0
DA:172,0
DA:173,0
DA:174,0
DA:175,0
DA:176,0
DA:177,0
DA:178,0
DA:179,0
DA:180,0
DA:181,0
DA:182,0
DA:183,0
DA:184,0
DA:185,0
DA:186,0
DA:187,0
DA:188,0
DA:189,0
DA:190,0
DA:191,0
DA:192,0
DA:193,0
DA:194,0
DA:195,0
DA:196,0
DA:205,0
DA:206,0
DA:207,0
DA:208,0
DA:209,0
DA:210,0
DA:211,0
DA:212,0
DA:213,0
DA:214,0
DA:215,0
DA:216,0
DA:217,0
DA:218,0
DA:219,0
DA:220,0
DA:221,0
DA:222,0
DA:223,0
DA:224,0
DA:225,0
DA:226,0
DA:227,1
DA:245,6
DA:246,9
DA:247,11
DA:248,3
DA:249,55
DA:250,40
DA:251,52
DA:252,30
DA:253,66
DA:255,72
DA:256,24
DA:258,0
DA:259,0
DA:260,0
DA:261,0
DA:262,3
DA:265,21
DA:266,0
DA:267,0
DA:268,3
DA:271,53
DA:272,36
DA:273,19
DA:274,27
DA:275,8
DA:276,0
DA:277,0
DA:278,0
DA:280,0
DA:281,0
DA:282,0
DA:283,0
DA:284,0
DA:286,0
DA:287,0
DA:288,0
DA:289,0
DA:290,0
DA:291,0
DA:293,0
DA:294,0
DA:295,0
DA:296,0
DA:297,0
DA:299,0
DA:300,0
DA:301,0
DA:302,0
DA:303,0
DA:305,0
DA:306,0
DA:307,0
DA:308,0
DA:309,0
DA:311,0
DA:312,0
DA:313,0
DA:314,0
DA:315,0
DA:317,0
DA:318,0
DA:319,0
DA:320,2
DA:322,29
LF:187
LH:33
end_of_record
TN:
SF:src/lib/workspaces.ts
FNF:16
FNH:2
DA:10,78
DA:11,42
DA:12,70
DA:14,41
DA:38,0
DA:42,17
DA:43,58
DA:46,0
DA:50,0
DA:54,0
DA:55,1
DA:62,22
DA:63,47
DA:66,0
DA:67,0
DA:68,0
DA:69,0
DA:70,0
DA:71,0
DA:72,0
DA:73,0
DA:74,0
DA:75,0
DA:76,0
DA:77,0
DA:78,0
DA:79,0
DA:80,0
DA:81,0
DA:82,0
DA:83,0
DA:84,0
DA:85,0
DA:86,0
DA:87,0
DA:88,0
DA:89,0
DA:90,0
DA:91,0
DA:92,0
DA:93,0
DA:94,0
DA:95,0
DA:96,0
DA:97,1
DA:100,0
DA:101,0
DA:102,0
DA:103,1
DA:106,0
DA:107,0
DA:108,1
DA:111,0
DA:112,0
DA:113,0
DA:114,0
DA:115,0
DA:116,1
DA:119,0
DA:120,0
DA:121,0
DA:122,0
DA:123,1
DA:130,0
DA:131,0
DA:132,0
DA:133,0
DA:134,0
DA:135,0
DA:136,0
DA:137,0
DA:138,0
DA:139,0
DA:140,0
DA:141,0
DA:142,0
DA:143,0
DA:144,0
DA:145,1
DA:164,0
DA:165,0
DA:166,0
DA:167,0
DA:168,0
DA:169,0
DA:170,0
DA:171,0
DA:172,0
DA:173,0
DA:174,0
DA:175,0
DA:176,0
DA:177,0
DA:178,0
DA:179,0
DA:180,0
DA:181,0
DA:182,0
DA:183,0
DA:184,0
DA:185,0
DA:186,0
DA:187,0
DA:188,0
DA:189,0
DA:190,0
DA:191,0
DA:192,0
DA:193,0
DA:194,0
DA:195,0
DA:196,0
DA:197,0
DA:198,0
DA:199,0
DA:200,0
DA:201,0
DA:202,0
DA:203,1
DA:210,0
DA:211,0
DA:212,0
DA:213,0
DA:214,0
DA:215,0
DA:216,1
DA:219,0
DA:220,0
DA:221,0
DA:222,0
DA:223,0
DA:224,0
DA:225,0
DA:226,0
DA:227,0
DA:228,0
DA:229,0
DA:230,0
DA:231,0
DA:232,0
DA:233,0
DA:234,1
DA:241,0
DA:242,0
DA:243,0
DA:244,0
DA:245,0
DA:246,0
DA:247,0
DA:248,0
DA:249,0
DA:250,0
LF:152
LH:18
end_of_record
TN:
SF:test/preload.ts
FNF:1
FNH:1
DA:16,28
DA:22,18
DA:23,19
DA:25,21
DA:26,22
DA:28,20
DA:29,22
DA:30,21
DA:31,22
DA:32,22
DA:33,25
DA:36,16
DA:42,18
DA:43,21
DA:44,14
DA:45,12
DA:46,2
DA:48,39
DA:49,26
LF:19
LH:19
end_of_record
